{"D:\\Coding\\tunix-rt\\frontend\\src\\App.tsx": {"path":"D:\\Coding\\tunix-rt\\frontend\\src\\App.tsx","all":false,"statementMap":{"0":{"start":{"line":1,"column":0},"end":{"line":1,"column":51}},"1":{"start":{"line":2,"column":0},"end":{"line":2,"column":8}},"2":{"start":{"line":3,"column":0},"end":{"line":3,"column":15}},"3":{"start":{"line":4,"column":0},"end":{"line":4,"column":16}},"4":{"start":{"line":5,"column":0},"end":{"line":5,"column":14}},"5":{"start":{"line":6,"column":0},"end":{"line":6,"column":11}},"6":{"start":{"line":7,"column":0},"end":{"line":7,"column":16}},"7":{"start":{"line":8,"column":0},"end":{"line":8,"column":17}},"8":{"start":{"line":9,"column":0},"end":{"line":9,"column":22}},"9":{"start":{"line":10,"column":0},"end":{"line":10,"column":17}},"10":{"start":{"line":11,"column":0},"end":{"line":11,"column":17}},"11":{"start":{"line":12,"column":0},"end":{"line":12,"column":24}},"12":{"start":{"line":13,"column":0},"end":{"line":13,"column":18}},"13":{"start":{"line":14,"column":0},"end":{"line":14,"column":16}},"14":{"start":{"line":15,"column":0},"end":{"line":15,"column":14}},"15":{"start":{"line":16,"column":0},"end":{"line":16,"column":20}},"16":{"start":{"line":17,"column":0},"end":{"line":17,"column":16}},"17":{"start":{"line":18,"column":0},"end":{"line":18,"column":12}},"18":{"start":{"line":19,"column":0},"end":{"line":19,"column":16}},"19":{"start":{"line":20,"column":0},"end":{"line":20,"column":14}},"20":{"start":{"line":21,"column":0},"end":{"line":21,"column":21}},"21":{"start":{"line":22,"column":0},"end":{"line":22,"column":22}},"22":{"start":{"line":23,"column":0},"end":{"line":23,"column":26}},"23":{"start":{"line":24,"column":0},"end":{"line":24,"column":19}},"24":{"start":{"line":25,"column":0},"end":{"line":25,"column":23}},"25":{"start":{"line":26,"column":0},"end":{"line":26,"column":27}},"26":{"start":{"line":27,"column":0},"end":{"line":27,"column":29}},"27":{"start":{"line":28,"column":0},"end":{"line":28,"column":27}},"28":{"start":{"line":29,"column":0},"end":{"line":29,"column":29}},"29":{"start":{"line":30,"column":0},"end":{"line":30,"column":24}},"30":{"start":{"line":31,"column":0},"end":{"line":31,"column":28}},"31":{"start":{"line":32,"column":0},"end":{"line":32,"column":28}},"32":{"start":{"line":33,"column":0},"end":{"line":33,"column":26}},"33":{"start":{"line":34,"column":0},"end":{"line":34,"column":22}},"34":{"start":{"line":35,"column":0},"end":{"line":35,"column":11}},"35":{"start":{"line":36,"column":0},"end":{"line":36,"column":21}},"36":{"start":{"line":37,"column":0},"end":{"line":37,"column":46}},"37":{"start":{"line":38,"column":0},"end":{"line":38,"column":48}},"38":{"start":{"line":39,"column":0},"end":{"line":39,"column":54}},"39":{"start":{"line":40,"column":0},"end":{"line":40,"column":44}},"40":{"start":{"line":41,"column":0},"end":{"line":41,"column":58}},"41":{"start":{"line":42,"column":0},"end":{"line":42,"column":58}},"42":{"start":{"line":43,"column":0},"end":{"line":43,"column":0}},"43":{"start":{"line":44,"column":0},"end":{"line":44,"column":16}},"44":{"start":{"line":45,"column":0},"end":{"line":45,"column":104}},"45":{"start":{"line":46,"column":0},"end":{"line":46,"column":0}},"46":{"start":{"line":47,"column":0},"end":{"line":47,"column":73}},"47":{"start":{"line":48,"column":0},"end":{"line":48,"column":79}},"48":{"start":{"line":49,"column":0},"end":{"line":49,"column":46}},"49":{"start":{"line":50,"column":0},"end":{"line":50,"column":0}},"50":{"start":{"line":51,"column":0},"end":{"line":51,"column":16}},"51":{"start":{"line":52,"column":0},"end":{"line":52,"column":50}},"52":{"start":{"line":53,"column":0},"end":{"line":53,"column":77}},"53":{"start":{"line":54,"column":0},"end":{"line":54,"column":76}},"54":{"start":{"line":55,"column":0},"end":{"line":55,"column":67}},"55":{"start":{"line":56,"column":0},"end":{"line":56,"column":57}},"56":{"start":{"line":57,"column":0},"end":{"line":57,"column":0}},"57":{"start":{"line":58,"column":0},"end":{"line":58,"column":21}},"58":{"start":{"line":59,"column":0},"end":{"line":59,"column":52}},"59":{"start":{"line":60,"column":0},"end":{"line":60,"column":54}},"60":{"start":{"line":61,"column":0},"end":{"line":61,"column":82}},"61":{"start":{"line":62,"column":0},"end":{"line":62,"column":71}},"62":{"start":{"line":63,"column":0},"end":{"line":63,"column":61}},"63":{"start":{"line":64,"column":0},"end":{"line":64,"column":0}},"64":{"start":{"line":65,"column":0},"end":{"line":65,"column":16}},"65":{"start":{"line":66,"column":0},"end":{"line":66,"column":82}},"66":{"start":{"line":67,"column":0},"end":{"line":67,"column":51}},"67":{"start":{"line":68,"column":0},"end":{"line":68,"column":50}},"68":{"start":{"line":69,"column":0},"end":{"line":69,"column":84}},"69":{"start":{"line":70,"column":0},"end":{"line":70,"column":67}},"70":{"start":{"line":71,"column":0},"end":{"line":71,"column":57}},"71":{"start":{"line":72,"column":0},"end":{"line":72,"column":0}},"72":{"start":{"line":73,"column":0},"end":{"line":73,"column":22}},"73":{"start":{"line":74,"column":0},"end":{"line":74,"column":82}},"74":{"start":{"line":75,"column":0},"end":{"line":75,"column":60}},"75":{"start":{"line":76,"column":0},"end":{"line":76,"column":72}},"76":{"start":{"line":77,"column":0},"end":{"line":77,"column":76}},"77":{"start":{"line":78,"column":0},"end":{"line":78,"column":100}},"78":{"start":{"line":79,"column":0},"end":{"line":79,"column":85}},"79":{"start":{"line":80,"column":0},"end":{"line":80,"column":67}},"80":{"start":{"line":81,"column":0},"end":{"line":81,"column":57}},"81":{"start":{"line":82,"column":0},"end":{"line":82,"column":63}},"82":{"start":{"line":83,"column":0},"end":{"line":83,"column":61}},"83":{"start":{"line":84,"column":0},"end":{"line":84,"column":56}},"84":{"start":{"line":85,"column":0},"end":{"line":85,"column":0}},"85":{"start":{"line":86,"column":0},"end":{"line":86,"column":27}},"86":{"start":{"line":87,"column":0},"end":{"line":87,"column":69}},"87":{"start":{"line":88,"column":0},"end":{"line":88,"column":81}},"88":{"start":{"line":89,"column":0},"end":{"line":89,"column":67}},"89":{"start":{"line":90,"column":0},"end":{"line":90,"column":77}},"90":{"start":{"line":91,"column":0},"end":{"line":91,"column":73}},"91":{"start":{"line":92,"column":0},"end":{"line":92,"column":91}},"92":{"start":{"line":93,"column":0},"end":{"line":93,"column":0}},"93":{"start":{"line":94,"column":0},"end":{"line":94,"column":25}},"94":{"start":{"line":95,"column":0},"end":{"line":95,"column":79}},"95":{"start":{"line":96,"column":0},"end":{"line":96,"column":65}},"96":{"start":{"line":97,"column":0},"end":{"line":97,"column":0}},"97":{"start":{"line":98,"column":0},"end":{"line":98,"column":26}},"98":{"start":{"line":99,"column":0},"end":{"line":99,"column":101}},"99":{"start":{"line":100,"column":0},"end":{"line":100,"column":67}},"100":{"start":{"line":101,"column":0},"end":{"line":101,"column":0}},"101":{"start":{"line":102,"column":0},"end":{"line":102,"column":23}},"102":{"start":{"line":103,"column":0},"end":{"line":103,"column":77}},"103":{"start":{"line":104,"column":0},"end":{"line":104,"column":0}},"104":{"start":{"line":105,"column":0},"end":{"line":105,"column":26}},"105":{"start":{"line":106,"column":0},"end":{"line":106,"column":72}},"106":{"start":{"line":107,"column":0},"end":{"line":107,"column":61}},"107":{"start":{"line":108,"column":0},"end":{"line":108,"column":0}},"108":{"start":{"line":109,"column":0},"end":{"line":109,"column":19}},"109":{"start":{"line":110,"column":0},"end":{"line":110,"column":37}},"110":{"start":{"line":111,"column":0},"end":{"line":111,"column":62}},"111":{"start":{"line":112,"column":0},"end":{"line":112,"column":35}},"112":{"start":{"line":113,"column":0},"end":{"line":113,"column":35}},"113":{"start":{"line":114,"column":0},"end":{"line":114,"column":23}},"114":{"start":{"line":115,"column":0},"end":{"line":115,"column":39}},"115":{"start":{"line":116,"column":0},"end":{"line":116,"column":29}},"116":{"start":{"line":117,"column":0},"end":{"line":117,"column":5}},"117":{"start":{"line":118,"column":0},"end":{"line":118,"column":0}},"118":{"start":{"line":119,"column":0},"end":{"line":119,"column":37}},"119":{"start":{"line":120,"column":0},"end":{"line":120,"column":60}},"120":{"start":{"line":121,"column":0},"end":{"line":121,"column":38}},"121":{"start":{"line":122,"column":0},"end":{"line":122,"column":0}},"122":{"start":{"line":123,"column":0},"end":{"line":123,"column":11}},"123":{"start":{"line":124,"column":0},"end":{"line":124,"column":44}},"124":{"start":{"line":125,"column":0},"end":{"line":125,"column":29}},"125":{"start":{"line":126,"column":0},"end":{"line":126,"column":23}},"126":{"start":{"line":127,"column":0},"end":{"line":127,"column":40}},"127":{"start":{"line":128,"column":0},"end":{"line":128,"column":7}},"128":{"start":{"line":129,"column":0},"end":{"line":129,"column":0}},"129":{"start":{"line":130,"column":0},"end":{"line":130,"column":11}},"130":{"start":{"line":131,"column":0},"end":{"line":131,"column":46}},"131":{"start":{"line":132,"column":0},"end":{"line":132,"column":31}},"132":{"start":{"line":133,"column":0},"end":{"line":133,"column":23}},"133":{"start":{"line":134,"column":0},"end":{"line":134,"column":67}},"134":{"start":{"line":135,"column":0},"end":{"line":135,"column":7}},"135":{"start":{"line":136,"column":0},"end":{"line":136,"column":0}},"136":{"start":{"line":137,"column":0},"end":{"line":137,"column":11}},"137":{"start":{"line":138,"column":0},"end":{"line":138,"column":48}},"138":{"start":{"line":139,"column":0},"end":{"line":139,"column":33}},"139":{"start":{"line":140,"column":0},"end":{"line":140,"column":23}},"140":{"start":{"line":141,"column":0},"end":{"line":141,"column":59}},"141":{"start":{"line":142,"column":0},"end":{"line":142,"column":7}},"142":{"start":{"line":143,"column":0},"end":{"line":143,"column":0}},"143":{"start":{"line":144,"column":0},"end":{"line":144,"column":11}},"144":{"start":{"line":145,"column":0},"end":{"line":145,"column":48}},"145":{"start":{"line":146,"column":0},"end":{"line":146,"column":33}},"146":{"start":{"line":147,"column":0},"end":{"line":147,"column":23}},"147":{"start":{"line":148,"column":0},"end":{"line":148,"column":119}},"148":{"start":{"line":149,"column":0},"end":{"line":149,"column":7}},"149":{"start":{"line":150,"column":0},"end":{"line":150,"column":0}},"150":{"start":{"line":151,"column":0},"end":{"line":151,"column":23}},"151":{"start":{"line":152,"column":0},"end":{"line":152,"column":5}},"152":{"start":{"line":153,"column":0},"end":{"line":153,"column":0}},"153":{"start":{"line":154,"column":0},"end":{"line":154,"column":17}},"154":{"start":{"line":155,"column":0},"end":{"line":155,"column":54}},"155":{"start":{"line":156,"column":0},"end":{"line":156,"column":0}},"156":{"start":{"line":157,"column":0},"end":{"line":157,"column":18}},"157":{"start":{"line":158,"column":0},"end":{"line":158,"column":31}},"158":{"start":{"line":159,"column":0},"end":{"line":159,"column":39}},"159":{"start":{"line":160,"column":0},"end":{"line":160,"column":49}},"160":{"start":{"line":161,"column":0},"end":{"line":161,"column":7}},"161":{"start":{"line":162,"column":0},"end":{"line":162,"column":5}},"162":{"start":{"line":163,"column":0},"end":{"line":163,"column":8}},"163":{"start":{"line":164,"column":0},"end":{"line":164,"column":0}},"164":{"start":{"line":165,"column":0},"end":{"line":165,"column":46}},"165":{"start":{"line":166,"column":0},"end":{"line":166,"column":77}},"166":{"start":{"line":167,"column":0},"end":{"line":167,"column":0}},"167":{"start":{"line":168,"column":0},"end":{"line":168,"column":65}},"168":{"start":{"line":169,"column":0},"end":{"line":169,"column":11}},"169":{"start":{"line":170,"column":0},"end":{"line":170,"column":53}},"170":{"start":{"line":171,"column":0},"end":{"line":171,"column":0}},"171":{"start":{"line":172,"column":0},"end":{"line":172,"column":37}},"172":{"start":{"line":173,"column":0},"end":{"line":173,"column":32}},"173":{"start":{"line":174,"column":0},"end":{"line":174,"column":18}},"174":{"start":{"line":175,"column":0},"end":{"line":175,"column":20}},"175":{"start":{"line":176,"column":0},"end":{"line":176,"column":34}},"176":{"start":{"line":177,"column":0},"end":{"line":177,"column":57}},"177":{"start":{"line":178,"column":0},"end":{"line":178,"column":11}},"178":{"start":{"line":179,"column":0},"end":{"line":179,"column":10}},"179":{"start":{"line":180,"column":0},"end":{"line":180,"column":0}},"180":{"start":{"line":181,"column":0},"end":{"line":181,"column":34}},"181":{"start":{"line":182,"column":0},"end":{"line":182,"column":42}},"182":{"start":{"line":183,"column":0},"end":{"line":183,"column":17}},"183":{"start":{"line":184,"column":0},"end":{"line":184,"column":63}},"184":{"start":{"line":185,"column":0},"end":{"line":185,"column":38}},"185":{"start":{"line":186,"column":0},"end":{"line":186,"column":25}},"186":{"start":{"line":187,"column":0},"end":{"line":187,"column":54}},"187":{"start":{"line":188,"column":0},"end":{"line":188,"column":13}},"188":{"start":{"line":189,"column":0},"end":{"line":189,"column":9}},"189":{"start":{"line":190,"column":0},"end":{"line":190,"column":0}},"190":{"start":{"line":191,"column":0},"end":{"line":191,"column":73}},"191":{"start":{"line":192,"column":0},"end":{"line":192,"column":83}},"192":{"start":{"line":193,"column":0},"end":{"line":193,"column":43}},"193":{"start":{"line":194,"column":0},"end":{"line":194,"column":0}},"194":{"start":{"line":195,"column":0},"end":{"line":195,"column":49}},"195":{"start":{"line":196,"column":0},"end":{"line":196,"column":35}},"196":{"start":{"line":197,"column":0},"end":{"line":197,"column":0}},"197":{"start":{"line":198,"column":0},"end":{"line":198,"column":35}},"198":{"start":{"line":199,"column":0},"end":{"line":199,"column":37}},"199":{"start":{"line":200,"column":0},"end":{"line":200,"column":11}},"200":{"start":{"line":201,"column":0},"end":{"line":201,"column":9}},"201":{"start":{"line":202,"column":0},"end":{"line":202,"column":23}},"202":{"start":{"line":203,"column":0},"end":{"line":203,"column":81}},"203":{"start":{"line":204,"column":0},"end":{"line":204,"column":7}},"204":{"start":{"line":205,"column":0},"end":{"line":205,"column":12}},"205":{"start":{"line":206,"column":0},"end":{"line":206,"column":3}},"206":{"start":{"line":207,"column":0},"end":{"line":207,"column":0}},"207":{"start":{"line":208,"column":0},"end":{"line":208,"column":58}},"208":{"start":{"line":209,"column":0},"end":{"line":209,"column":40}},"209":{"start":{"line":210,"column":0},"end":{"line":210,"column":66}},"210":{"start":{"line":211,"column":0},"end":{"line":211,"column":3}},"211":{"start":{"line":212,"column":0},"end":{"line":212,"column":0}},"212":{"start":{"line":213,"column":0},"end":{"line":213,"column":35}},"213":{"start":{"line":214,"column":0},"end":{"line":214,"column":57}},"214":{"start":{"line":215,"column":0},"end":{"line":215,"column":23}},"215":{"start":{"line":216,"column":0},"end":{"line":216,"column":3}},"216":{"start":{"line":217,"column":0},"end":{"line":217,"column":0}},"217":{"start":{"line":218,"column":0},"end":{"line":218,"column":36}},"218":{"start":{"line":219,"column":0},"end":{"line":219,"column":23}},"219":{"start":{"line":220,"column":0},"end":{"line":220,"column":25}},"220":{"start":{"line":221,"column":0},"end":{"line":221,"column":0}},"221":{"start":{"line":222,"column":0},"end":{"line":222,"column":9}},"222":{"start":{"line":223,"column":0},"end":{"line":223,"column":42}},"223":{"start":{"line":224,"column":0},"end":{"line":224,"column":47}},"224":{"start":{"line":225,"column":0},"end":{"line":225,"column":37}},"225":{"start":{"line":226,"column":0},"end":{"line":226,"column":25}},"226":{"start":{"line":227,"column":0},"end":{"line":227,"column":21}},"227":{"start":{"line":228,"column":0},"end":{"line":228,"column":38}},"228":{"start":{"line":229,"column":0},"end":{"line":229,"column":74}},"229":{"start":{"line":230,"column":0},"end":{"line":230,"column":48}},"230":{"start":{"line":231,"column":0},"end":{"line":231,"column":44}},"231":{"start":{"line":232,"column":0},"end":{"line":232,"column":14}},"232":{"start":{"line":233,"column":0},"end":{"line":233,"column":53}},"233":{"start":{"line":234,"column":0},"end":{"line":234,"column":7}},"234":{"start":{"line":235,"column":0},"end":{"line":235,"column":15}},"235":{"start":{"line":236,"column":0},"end":{"line":236,"column":28}},"236":{"start":{"line":237,"column":0},"end":{"line":237,"column":5}},"237":{"start":{"line":238,"column":0},"end":{"line":238,"column":3}},"238":{"start":{"line":239,"column":0},"end":{"line":239,"column":0}},"239":{"start":{"line":240,"column":0},"end":{"line":240,"column":35}},"240":{"start":{"line":241,"column":0},"end":{"line":241,"column":27}},"241":{"start":{"line":242,"column":0},"end":{"line":242,"column":43}},"242":{"start":{"line":243,"column":0},"end":{"line":243,"column":12}},"243":{"start":{"line":244,"column":0},"end":{"line":244,"column":5}},"244":{"start":{"line":245,"column":0},"end":{"line":245,"column":0}},"245":{"start":{"line":246,"column":0},"end":{"line":246,"column":23}},"246":{"start":{"line":247,"column":0},"end":{"line":247,"column":25}},"247":{"start":{"line":248,"column":0},"end":{"line":248,"column":0}},"248":{"start":{"line":249,"column":0},"end":{"line":249,"column":9}},"249":{"start":{"line":250,"column":0},"end":{"line":250,"column":51}},"250":{"start":{"line":251,"column":0},"end":{"line":251,"column":28}},"251":{"start":{"line":252,"column":0},"end":{"line":252,"column":25}},"252":{"start":{"line":253,"column":0},"end":{"line":253,"column":21}},"253":{"start":{"line":254,"column":0},"end":{"line":254,"column":38}},"254":{"start":{"line":255,"column":0},"end":{"line":255,"column":73}},"255":{"start":{"line":256,"column":0},"end":{"line":256,"column":14}},"256":{"start":{"line":257,"column":0},"end":{"line":257,"column":52}},"257":{"start":{"line":258,"column":0},"end":{"line":258,"column":7}},"258":{"start":{"line":259,"column":0},"end":{"line":259,"column":27}},"259":{"start":{"line":260,"column":0},"end":{"line":260,"column":15}},"260":{"start":{"line":261,"column":0},"end":{"line":261,"column":28}},"261":{"start":{"line":262,"column":0},"end":{"line":262,"column":5}},"262":{"start":{"line":263,"column":0},"end":{"line":263,"column":3}},"263":{"start":{"line":264,"column":0},"end":{"line":264,"column":0}},"264":{"start":{"line":265,"column":0},"end":{"line":265,"column":37}},"265":{"start":{"line":266,"column":0},"end":{"line":266,"column":40}},"266":{"start":{"line":267,"column":0},"end":{"line":267,"column":52}},"267":{"start":{"line":268,"column":0},"end":{"line":268,"column":12}},"268":{"start":{"line":269,"column":0},"end":{"line":269,"column":5}},"269":{"start":{"line":270,"column":0},"end":{"line":270,"column":0}},"270":{"start":{"line":271,"column":0},"end":{"line":271,"column":25}},"271":{"start":{"line":272,"column":0},"end":{"line":272,"column":27}},"272":{"start":{"line":273,"column":0},"end":{"line":273,"column":0}},"273":{"start":{"line":274,"column":0},"end":{"line":274,"column":9}},"274":{"start":{"line":275,"column":0},"end":{"line":275,"column":67}},"275":{"start":{"line":276,"column":0},"end":{"line":276,"column":30}},"276":{"start":{"line":277,"column":0},"end":{"line":277,"column":27}},"277":{"start":{"line":278,"column":0},"end":{"line":278,"column":21}},"278":{"start":{"line":279,"column":0},"end":{"line":279,"column":38}},"279":{"start":{"line":280,"column":0},"end":{"line":280,"column":77}},"280":{"start":{"line":281,"column":0},"end":{"line":281,"column":14}},"281":{"start":{"line":282,"column":0},"end":{"line":282,"column":56}},"282":{"start":{"line":283,"column":0},"end":{"line":283,"column":7}},"283":{"start":{"line":284,"column":0},"end":{"line":284,"column":28}},"284":{"start":{"line":285,"column":0},"end":{"line":285,"column":15}},"285":{"start":{"line":286,"column":0},"end":{"line":286,"column":30}},"286":{"start":{"line":287,"column":0},"end":{"line":287,"column":5}},"287":{"start":{"line":288,"column":0},"end":{"line":288,"column":3}},"288":{"start":{"line":289,"column":0},"end":{"line":289,"column":0}},"289":{"start":{"line":290,"column":0},"end":{"line":290,"column":43}},"290":{"start":{"line":291,"column":0},"end":{"line":291,"column":42}},"291":{"start":{"line":292,"column":0},"end":{"line":292,"column":59}},"292":{"start":{"line":293,"column":0},"end":{"line":293,"column":0}},"293":{"start":{"line":294,"column":0},"end":{"line":294,"column":51}},"294":{"start":{"line":295,"column":0},"end":{"line":295,"column":54}},"295":{"start":{"line":296,"column":0},"end":{"line":296,"column":12}},"296":{"start":{"line":297,"column":0},"end":{"line":297,"column":5}},"297":{"start":{"line":298,"column":0},"end":{"line":298,"column":0}},"298":{"start":{"line":299,"column":0},"end":{"line":299,"column":23}},"299":{"start":{"line":300,"column":0},"end":{"line":300,"column":25}},"300":{"start":{"line":301,"column":0},"end":{"line":301,"column":0}},"301":{"start":{"line":302,"column":0},"end":{"line":302,"column":9}},"302":{"start":{"line":303,"column":0},"end":{"line":303,"column":78}},"303":{"start":{"line":304,"column":0},"end":{"line":304,"column":28}},"304":{"start":{"line":305,"column":0},"end":{"line":305,"column":25}},"305":{"start":{"line":306,"column":0},"end":{"line":306,"column":21}},"306":{"start":{"line":307,"column":0},"end":{"line":307,"column":38}},"307":{"start":{"line":308,"column":0},"end":{"line":308,"column":78}},"308":{"start":{"line":309,"column":0},"end":{"line":309,"column":14}},"309":{"start":{"line":310,"column":0},"end":{"line":310,"column":57}},"310":{"start":{"line":311,"column":0},"end":{"line":311,"column":7}},"311":{"start":{"line":312,"column":0},"end":{"line":312,"column":26}},"312":{"start":{"line":313,"column":0},"end":{"line":313,"column":15}},"313":{"start":{"line":314,"column":0},"end":{"line":314,"column":28}},"314":{"start":{"line":315,"column":0},"end":{"line":315,"column":5}},"315":{"start":{"line":316,"column":0},"end":{"line":316,"column":3}},"316":{"start":{"line":317,"column":0},"end":{"line":317,"column":0}},"317":{"start":{"line":318,"column":0},"end":{"line":318,"column":41}},"318":{"start":{"line":319,"column":0},"end":{"line":319,"column":27}},"319":{"start":{"line":320,"column":0},"end":{"line":320,"column":46}},"320":{"start":{"line":321,"column":0},"end":{"line":321,"column":12}},"321":{"start":{"line":322,"column":0},"end":{"line":322,"column":5}},"322":{"start":{"line":323,"column":0},"end":{"line":323,"column":0}},"323":{"start":{"line":324,"column":0},"end":{"line":324,"column":23}},"324":{"start":{"line":325,"column":0},"end":{"line":325,"column":25}},"325":{"start":{"line":326,"column":0},"end":{"line":326,"column":0}},"326":{"start":{"line":327,"column":0},"end":{"line":327,"column":9}},"327":{"start":{"line":328,"column":0},"end":{"line":328,"column":73}},"328":{"start":{"line":329,"column":0},"end":{"line":329,"column":50}},"329":{"start":{"line":330,"column":0},"end":{"line":330,"column":43}},"330":{"start":{"line":331,"column":0},"end":{"line":331,"column":18}},"331":{"start":{"line":332,"column":0},"end":{"line":332,"column":45}},"332":{"start":{"line":333,"column":0},"end":{"line":333,"column":34}},"333":{"start":{"line":334,"column":0},"end":{"line":334,"column":15}},"334":{"start":{"line":335,"column":0},"end":{"line":335,"column":37}},"335":{"start":{"line":336,"column":0},"end":{"line":336,"column":34}},"336":{"start":{"line":337,"column":0},"end":{"line":337,"column":25}},"337":{"start":{"line":338,"column":0},"end":{"line":338,"column":21}},"338":{"start":{"line":339,"column":0},"end":{"line":339,"column":38}},"339":{"start":{"line":340,"column":0},"end":{"line":340,"column":74}},"340":{"start":{"line":341,"column":0},"end":{"line":341,"column":14}},"341":{"start":{"line":342,"column":0},"end":{"line":342,"column":53}},"342":{"start":{"line":343,"column":0},"end":{"line":343,"column":7}},"343":{"start":{"line":344,"column":0},"end":{"line":344,"column":15}},"344":{"start":{"line":345,"column":0},"end":{"line":345,"column":28}},"345":{"start":{"line":346,"column":0},"end":{"line":346,"column":5}},"346":{"start":{"line":347,"column":0},"end":{"line":347,"column":3}},"347":{"start":{"line":348,"column":0},"end":{"line":348,"column":0}},"348":{"start":{"line":349,"column":0},"end":{"line":349,"column":43}},"349":{"start":{"line":350,"column":0},"end":{"line":350,"column":63}},"350":{"start":{"line":351,"column":0},"end":{"line":351,"column":79}},"351":{"start":{"line":352,"column":0},"end":{"line":352,"column":12}},"352":{"start":{"line":353,"column":0},"end":{"line":353,"column":5}},"353":{"start":{"line":354,"column":0},"end":{"line":354,"column":0}},"354":{"start":{"line":355,"column":0},"end":{"line":355,"column":23}},"355":{"start":{"line":356,"column":0},"end":{"line":356,"column":25}},"356":{"start":{"line":357,"column":0},"end":{"line":357,"column":32}},"357":{"start":{"line":358,"column":0},"end":{"line":358,"column":0}},"358":{"start":{"line":359,"column":0},"end":{"line":359,"column":9}},"359":{"start":{"line":360,"column":0},"end":{"line":360,"column":50}},"360":{"start":{"line":361,"column":0},"end":{"line":361,"column":37}},"361":{"start":{"line":362,"column":0},"end":{"line":362,"column":31}},"362":{"start":{"line":363,"column":0},"end":{"line":363,"column":35}},"363":{"start":{"line":364,"column":0},"end":{"line":364,"column":8}},"364":{"start":{"line":365,"column":0},"end":{"line":365,"column":36}},"365":{"start":{"line":366,"column":0},"end":{"line":366,"column":25}},"366":{"start":{"line":367,"column":0},"end":{"line":367,"column":21}},"367":{"start":{"line":368,"column":0},"end":{"line":368,"column":38}},"368":{"start":{"line":369,"column":0},"end":{"line":369,"column":87}},"369":{"start":{"line":370,"column":0},"end":{"line":370,"column":14}},"370":{"start":{"line":371,"column":0},"end":{"line":371,"column":66}},"371":{"start":{"line":372,"column":0},"end":{"line":372,"column":7}},"372":{"start":{"line":373,"column":0},"end":{"line":373,"column":34}},"373":{"start":{"line":374,"column":0},"end":{"line":374,"column":15}},"374":{"start":{"line":375,"column":0},"end":{"line":375,"column":28}},"375":{"start":{"line":376,"column":0},"end":{"line":376,"column":5}},"376":{"start":{"line":377,"column":0},"end":{"line":377,"column":3}},"377":{"start":{"line":378,"column":0},"end":{"line":378,"column":0}},"378":{"start":{"line":379,"column":0},"end":{"line":379,"column":53}},"379":{"start":{"line":380,"column":0},"end":{"line":380,"column":27}},"380":{"start":{"line":381,"column":0},"end":{"line":381,"column":46}},"381":{"start":{"line":382,"column":0},"end":{"line":382,"column":12}},"382":{"start":{"line":383,"column":0},"end":{"line":383,"column":5}},"383":{"start":{"line":384,"column":0},"end":{"line":384,"column":0}},"384":{"start":{"line":385,"column":0},"end":{"line":385,"column":23}},"385":{"start":{"line":386,"column":0},"end":{"line":386,"column":25}},"386":{"start":{"line":387,"column":0},"end":{"line":387,"column":28}},"387":{"start":{"line":388,"column":0},"end":{"line":388,"column":27}},"388":{"start":{"line":389,"column":0},"end":{"line":389,"column":0}},"389":{"start":{"line":390,"column":0},"end":{"line":390,"column":37}},"390":{"start":{"line":391,"column":0},"end":{"line":391,"column":47}},"391":{"start":{"line":392,"column":0},"end":{"line":392,"column":39}},"392":{"start":{"line":393,"column":0},"end":{"line":393,"column":5}},"393":{"start":{"line":394,"column":0},"end":{"line":394,"column":0}},"394":{"start":{"line":395,"column":0},"end":{"line":395,"column":9}},"395":{"start":{"line":396,"column":0},"end":{"line":396,"column":43}},"396":{"start":{"line":397,"column":0},"end":{"line":397,"column":9}},"397":{"start":{"line":398,"column":0},"end":{"line":398,"column":39}},"398":{"start":{"line":399,"column":0},"end":{"line":399,"column":33}},"399":{"start":{"line":400,"column":0},"end":{"line":400,"column":50}},"400":{"start":{"line":401,"column":0},"end":{"line":401,"column":26}},"401":{"start":{"line":402,"column":0},"end":{"line":402,"column":10}},"402":{"start":{"line":403,"column":0},"end":{"line":403,"column":54}},"403":{"start":{"line":404,"column":0},"end":{"line":404,"column":7}},"404":{"start":{"line":405,"column":0},"end":{"line":405,"column":31}},"405":{"start":{"line":406,"column":0},"end":{"line":406,"column":25}},"406":{"start":{"line":407,"column":0},"end":{"line":407,"column":0}},"407":{"start":{"line":408,"column":0},"end":{"line":408,"column":58}},"408":{"start":{"line":409,"column":0},"end":{"line":409,"column":38}},"409":{"start":{"line":410,"column":0},"end":{"line":410,"column":14}},"410":{"start":{"line":411,"column":0},"end":{"line":411,"column":33}},"411":{"start":{"line":412,"column":0},"end":{"line":412,"column":41}},"412":{"start":{"line":413,"column":0},"end":{"line":413,"column":9}},"413":{"start":{"line":414,"column":0},"end":{"line":414,"column":7}},"414":{"start":{"line":415,"column":0},"end":{"line":415,"column":21}},"415":{"start":{"line":416,"column":0},"end":{"line":416,"column":38}},"416":{"start":{"line":417,"column":0},"end":{"line":417,"column":71}},"417":{"start":{"line":418,"column":0},"end":{"line":418,"column":14}},"418":{"start":{"line":419,"column":0},"end":{"line":419,"column":50}},"419":{"start":{"line":420,"column":0},"end":{"line":420,"column":7}},"420":{"start":{"line":421,"column":0},"end":{"line":421,"column":29}},"421":{"start":{"line":422,"column":0},"end":{"line":422,"column":15}},"422":{"start":{"line":423,"column":0},"end":{"line":423,"column":28}},"423":{"start":{"line":424,"column":0},"end":{"line":424,"column":31}},"424":{"start":{"line":425,"column":0},"end":{"line":425,"column":5}},"425":{"start":{"line":426,"column":0},"end":{"line":426,"column":3}},"426":{"start":{"line":427,"column":0},"end":{"line":427,"column":0}},"427":{"start":{"line":428,"column":0},"end":{"line":428,"column":47}},"428":{"start":{"line":429,"column":0},"end":{"line":429,"column":30}},"429":{"start":{"line":430,"column":0},"end":{"line":430,"column":28}},"430":{"start":{"line":431,"column":0},"end":{"line":431,"column":0}},"431":{"start":{"line":432,"column":0},"end":{"line":432,"column":9}},"432":{"start":{"line":433,"column":0},"end":{"line":433,"column":66}},"433":{"start":{"line":434,"column":0},"end":{"line":434,"column":27}},"434":{"start":{"line":435,"column":0},"end":{"line":435,"column":30}},"435":{"start":{"line":436,"column":0},"end":{"line":436,"column":21}},"436":{"start":{"line":437,"column":0},"end":{"line":437,"column":38}},"437":{"start":{"line":438,"column":0},"end":{"line":438,"column":41}},"438":{"start":{"line":439,"column":0},"end":{"line":439,"column":14}},"439":{"start":{"line":440,"column":0},"end":{"line":440,"column":52}},"440":{"start":{"line":441,"column":0},"end":{"line":441,"column":7}},"441":{"start":{"line":442,"column":0},"end":{"line":442,"column":15}},"442":{"start":{"line":443,"column":0},"end":{"line":443,"column":33}},"443":{"start":{"line":444,"column":0},"end":{"line":444,"column":5}},"444":{"start":{"line":445,"column":0},"end":{"line":445,"column":3}},"445":{"start":{"line":446,"column":0},"end":{"line":446,"column":0}},"446":{"start":{"line":447,"column":0},"end":{"line":447,"column":56}},"447":{"start":{"line":448,"column":0},"end":{"line":448,"column":34}},"448":{"start":{"line":449,"column":0},"end":{"line":449,"column":28}},"449":{"start":{"line":450,"column":0},"end":{"line":450,"column":32}},"450":{"start":{"line":451,"column":0},"end":{"line":451,"column":24}},"451":{"start":{"line":452,"column":0},"end":{"line":452,"column":36}},"452":{"start":{"line":453,"column":0},"end":{"line":453,"column":12}},"453":{"start":{"line":454,"column":0},"end":{"line":454,"column":5}},"454":{"start":{"line":455,"column":0},"end":{"line":455,"column":0}},"455":{"start":{"line":456,"column":0},"end":{"line":456,"column":27}},"456":{"start":{"line":457,"column":0},"end":{"line":457,"column":30}},"457":{"start":{"line":458,"column":0},"end":{"line":458,"column":22}},"458":{"start":{"line":459,"column":0},"end":{"line":459,"column":34}},"459":{"start":{"line":460,"column":0},"end":{"line":460,"column":23}},"460":{"start":{"line":461,"column":0},"end":{"line":461,"column":28}},"461":{"start":{"line":462,"column":0},"end":{"line":462,"column":0}},"462":{"start":{"line":463,"column":0},"end":{"line":463,"column":9}},"463":{"start":{"line":464,"column":0},"end":{"line":464,"column":45}},"464":{"start":{"line":465,"column":0},"end":{"line":465,"column":34}},"465":{"start":{"line":466,"column":0},"end":{"line":466,"column":30}},"466":{"start":{"line":467,"column":0},"end":{"line":467,"column":0}},"467":{"start":{"line":468,"column":0},"end":{"line":468,"column":43}},"468":{"start":{"line":469,"column":0},"end":{"line":469,"column":42}},"469":{"start":{"line":470,"column":0},"end":{"line":470,"column":13}},"470":{"start":{"line":471,"column":0},"end":{"line":471,"column":54}},"471":{"start":{"line":472,"column":0},"end":{"line":472,"column":45}},"472":{"start":{"line":473,"column":0},"end":{"line":473,"column":21}},"473":{"start":{"line":474,"column":0},"end":{"line":474,"column":42}},"474":{"start":{"line":475,"column":0},"end":{"line":475,"column":9}},"475":{"start":{"line":476,"column":0},"end":{"line":476,"column":7}},"476":{"start":{"line":477,"column":0},"end":{"line":477,"column":0}},"477":{"start":{"line":478,"column":0},"end":{"line":478,"column":27}},"478":{"start":{"line":479,"column":0},"end":{"line":479,"column":11}},"479":{"start":{"line":480,"column":0},"end":{"line":480,"column":57}},"480":{"start":{"line":481,"column":0},"end":{"line":481,"column":32}},"481":{"start":{"line":482,"column":0},"end":{"line":482,"column":19}},"482":{"start":{"line":483,"column":0},"end":{"line":483,"column":51}},"483":{"start":{"line":484,"column":0},"end":{"line":484,"column":29}},"484":{"start":{"line":485,"column":0},"end":{"line":485,"column":7}},"485":{"start":{"line":486,"column":0},"end":{"line":486,"column":21}},"486":{"start":{"line":487,"column":0},"end":{"line":487,"column":38}},"487":{"start":{"line":488,"column":0},"end":{"line":488,"column":41}},"488":{"start":{"line":489,"column":0},"end":{"line":489,"column":14}},"489":{"start":{"line":490,"column":0},"end":{"line":490,"column":52}},"490":{"start":{"line":491,"column":0},"end":{"line":491,"column":7}},"491":{"start":{"line":492,"column":0},"end":{"line":492,"column":5}},"492":{"start":{"line":493,"column":0},"end":{"line":493,"column":3}},"493":{"start":{"line":494,"column":0},"end":{"line":494,"column":0}},"494":{"start":{"line":495,"column":0},"end":{"line":495,"column":54}},"495":{"start":{"line":496,"column":0},"end":{"line":496,"column":30}},"496":{"start":{"line":497,"column":0},"end":{"line":497,"column":9}},"497":{"start":{"line":498,"column":0},"end":{"line":498,"column":44}},"498":{"start":{"line":499,"column":0},"end":{"line":499,"column":37}},"499":{"start":{"line":500,"column":0},"end":{"line":500,"column":17}},"500":{"start":{"line":501,"column":0},"end":{"line":501,"column":34}},"501":{"start":{"line":502,"column":0},"end":{"line":502,"column":15}},"502":{"start":{"line":503,"column":0},"end":{"line":503,"column":35}},"503":{"start":{"line":504,"column":0},"end":{"line":504,"column":5}},"504":{"start":{"line":505,"column":0},"end":{"line":505,"column":3}},"505":{"start":{"line":506,"column":0},"end":{"line":506,"column":0}},"506":{"start":{"line":507,"column":0},"end":{"line":507,"column":40}},"507":{"start":{"line":508,"column":0},"end":{"line":508,"column":43}},"508":{"start":{"line":509,"column":0},"end":{"line":509,"column":38}},"509":{"start":{"line":510,"column":0},"end":{"line":510,"column":37}},"510":{"start":{"line":511,"column":0},"end":{"line":511,"column":31}},"511":{"start":{"line":512,"column":0},"end":{"line":512,"column":5}},"512":{"start":{"line":513,"column":0},"end":{"line":513,"column":3}},"513":{"start":{"line":514,"column":0},"end":{"line":514,"column":0}},"514":{"start":{"line":515,"column":0},"end":{"line":515,"column":52}},"515":{"start":{"line":516,"column":0},"end":{"line":516,"column":69}},"516":{"start":{"line":517,"column":0},"end":{"line":517,"column":9}},"517":{"start":{"line":518,"column":0},"end":{"line":518,"column":30}},"518":{"start":{"line":519,"column":0},"end":{"line":519,"column":34}},"519":{"start":{"line":520,"column":0},"end":{"line":520,"column":33}},"520":{"start":{"line":521,"column":0},"end":{"line":521,"column":17}},"521":{"start":{"line":522,"column":0},"end":{"line":522,"column":37}},"522":{"start":{"line":523,"column":0},"end":{"line":523,"column":5}},"523":{"start":{"line":524,"column":0},"end":{"line":524,"column":3}},"524":{"start":{"line":525,"column":0},"end":{"line":525,"column":0}},"525":{"start":{"line":526,"column":0},"end":{"line":526,"column":57}},"526":{"start":{"line":527,"column":0},"end":{"line":527,"column":29}},"527":{"start":{"line":528,"column":0},"end":{"line":528,"column":9}},"528":{"start":{"line":529,"column":0},"end":{"line":529,"column":46}},"529":{"start":{"line":530,"column":0},"end":{"line":530,"column":25}},"530":{"start":{"line":531,"column":0},"end":{"line":531,"column":17}},"531":{"start":{"line":532,"column":0},"end":{"line":532,"column":24}},"532":{"start":{"line":533,"column":0},"end":{"line":533,"column":15}},"533":{"start":{"line":534,"column":0},"end":{"line":534,"column":34}},"534":{"start":{"line":535,"column":0},"end":{"line":535,"column":5}},"535":{"start":{"line":536,"column":0},"end":{"line":536,"column":3}},"536":{"start":{"line":537,"column":0},"end":{"line":537,"column":0}},"537":{"start":{"line":538,"column":0},"end":{"line":538,"column":59}},"538":{"start":{"line":539,"column":0},"end":{"line":539,"column":33}},"539":{"start":{"line":540,"column":0},"end":{"line":540,"column":33}},"540":{"start":{"line":541,"column":0},"end":{"line":541,"column":46}},"541":{"start":{"line":542,"column":0},"end":{"line":542,"column":7}},"542":{"start":{"line":543,"column":0},"end":{"line":543,"column":29}},"543":{"start":{"line":544,"column":0},"end":{"line":544,"column":83}},"544":{"start":{"line":545,"column":0},"end":{"line":545,"column":31}},"545":{"start":{"line":546,"column":0},"end":{"line":546,"column":7}},"546":{"start":{"line":547,"column":0},"end":{"line":547,"column":29}},"547":{"start":{"line":548,"column":0},"end":{"line":548,"column":6}},"548":{"start":{"line":549,"column":0},"end":{"line":549,"column":3}},"549":{"start":{"line":550,"column":0},"end":{"line":550,"column":0}},"550":{"start":{"line":551,"column":0},"end":{"line":551,"column":38}},"551":{"start":{"line":552,"column":0},"end":{"line":552,"column":40}},"552":{"start":{"line":553,"column":0},"end":{"line":553,"column":29}},"553":{"start":{"line":554,"column":0},"end":{"line":554,"column":34}},"554":{"start":{"line":555,"column":0},"end":{"line":555,"column":106}},"555":{"start":{"line":556,"column":0},"end":{"line":556,"column":46}},"556":{"start":{"line":557,"column":0},"end":{"line":557,"column":5}},"557":{"start":{"line":558,"column":0},"end":{"line":558,"column":3}},"558":{"start":{"line":559,"column":0},"end":{"line":559,"column":0}},"559":{"start":{"line":560,"column":0},"end":{"line":560,"column":39}},"560":{"start":{"line":561,"column":0},"end":{"line":561,"column":28}},"561":{"start":{"line":562,"column":0},"end":{"line":562,"column":62}},"562":{"start":{"line":563,"column":0},"end":{"line":563,"column":3}},"563":{"start":{"line":564,"column":0},"end":{"line":564,"column":0}},"564":{"start":{"line":565,"column":0},"end":{"line":565,"column":36}},"565":{"start":{"line":566,"column":0},"end":{"line":566,"column":59}},"566":{"start":{"line":567,"column":0},"end":{"line":567,"column":0}},"567":{"start":{"line":568,"column":0},"end":{"line":568,"column":21}},"568":{"start":{"line":569,"column":0},"end":{"line":569,"column":22}},"569":{"start":{"line":570,"column":0},"end":{"line":570,"column":22}},"570":{"start":{"line":571,"column":0},"end":{"line":571,"column":0}},"571":{"start":{"line":572,"column":0},"end":{"line":572,"column":45}},"572":{"start":{"line":573,"column":0},"end":{"line":573,"column":46}},"573":{"start":{"line":574,"column":0},"end":{"line":574,"column":0}},"574":{"start":{"line":575,"column":0},"end":{"line":575,"column":38}},"575":{"start":{"line":576,"column":0},"end":{"line":576,"column":38}},"576":{"start":{"line":577,"column":0},"end":{"line":577,"column":65}},"577":{"start":{"line":578,"column":0},"end":{"line":578,"column":0}},"578":{"start":{"line":579,"column":0},"end":{"line":579,"column":40}},"579":{"start":{"line":580,"column":0},"end":{"line":580,"column":99}},"580":{"start":{"line":581,"column":0},"end":{"line":581,"column":42}},"581":{"start":{"line":582,"column":0},"end":{"line":582,"column":87}},"582":{"start":{"line":583,"column":0},"end":{"line":583,"column":26}},"583":{"start":{"line":584,"column":0},"end":{"line":584,"column":16}},"584":{"start":{"line":585,"column":0},"end":{"line":585,"column":0}},"585":{"start":{"line":586,"column":0},"end":{"line":586,"column":12}},"586":{"start":{"line":587,"column":0},"end":{"line":587,"column":135}},"587":{"start":{"line":588,"column":0},"end":{"line":588,"column":59}},"588":{"start":{"line":589,"column":0},"end":{"line":589,"column":47}},"589":{"start":{"line":590,"column":0},"end":{"line":590,"column":111}},"590":{"start":{"line":591,"column":0},"end":{"line":591,"column":34}},"591":{"start":{"line":592,"column":0},"end":{"line":592,"column":120}},"592":{"start":{"line":593,"column":0},"end":{"line":593,"column":34}},"593":{"start":{"line":594,"column":0},"end":{"line":594,"column":103}},"594":{"start":{"line":595,"column":0},"end":{"line":595,"column":0}},"595":{"start":{"line":596,"column":0},"end":{"line":596,"column":37}},"596":{"start":{"line":597,"column":0},"end":{"line":597,"column":116}},"597":{"start":{"line":598,"column":0},"end":{"line":598,"column":0}},"598":{"start":{"line":599,"column":0},"end":{"line":599,"column":35}},"599":{"start":{"line":600,"column":0},"end":{"line":600,"column":101}},"600":{"start":{"line":601,"column":0},"end":{"line":601,"column":52}},"601":{"start":{"line":602,"column":0},"end":{"line":602,"column":27}},"602":{"start":{"line":603,"column":0},"end":{"line":603,"column":0}},"603":{"start":{"line":604,"column":0},"end":{"line":604,"column":49}},"604":{"start":{"line":605,"column":0},"end":{"line":605,"column":101}},"605":{"start":{"line":606,"column":0},"end":{"line":606,"column":28}},"606":{"start":{"line":607,"column":0},"end":{"line":607,"column":27}},"607":{"start":{"line":608,"column":0},"end":{"line":608,"column":22}},"608":{"start":{"line":609,"column":0},"end":{"line":609,"column":18}},"609":{"start":{"line":610,"column":0},"end":{"line":610,"column":96}},"610":{"start":{"line":611,"column":0},"end":{"line":611,"column":99}},"611":{"start":{"line":612,"column":0},"end":{"line":612,"column":110}},"612":{"start":{"line":613,"column":0},"end":{"line":613,"column":102}},"613":{"start":{"line":614,"column":0},"end":{"line":614,"column":18}},"614":{"start":{"line":615,"column":0},"end":{"line":615,"column":14}},"615":{"start":{"line":616,"column":0},"end":{"line":616,"column":5}},"616":{"start":{"line":617,"column":0},"end":{"line":617,"column":3}},"617":{"start":{"line":618,"column":0},"end":{"line":618,"column":0}},"618":{"start":{"line":619,"column":0},"end":{"line":619,"column":10}},"619":{"start":{"line":620,"column":0},"end":{"line":620,"column":9}},"620":{"start":{"line":621,"column":0},"end":{"line":621,"column":94}},"621":{"start":{"line":622,"column":0},"end":{"line":622,"column":25}},"622":{"start":{"line":623,"column":0},"end":{"line":623,"column":46}},"623":{"start":{"line":624,"column":0},"end":{"line":624,"column":17}},"624":{"start":{"line":625,"column":0},"end":{"line":625,"column":50}},"625":{"start":{"line":626,"column":0},"end":{"line":626,"column":20}},"626":{"start":{"line":627,"column":0},"end":{"line":627,"column":69}},"627":{"start":{"line":628,"column":0},"end":{"line":628,"column":34}},"628":{"start":{"line":629,"column":0},"end":{"line":629,"column":34}},"629":{"start":{"line":630,"column":0},"end":{"line":630,"column":74}},"630":{"start":{"line":631,"column":0},"end":{"line":631,"column":39}},"631":{"start":{"line":632,"column":0},"end":{"line":632,"column":33}},"632":{"start":{"line":633,"column":0},"end":{"line":633,"column":14}},"633":{"start":{"line":634,"column":0},"end":{"line":634,"column":11}},"634":{"start":{"line":635,"column":0},"end":{"line":635,"column":16}},"635":{"start":{"line":636,"column":0},"end":{"line":636,"column":19}},"636":{"start":{"line":637,"column":0},"end":{"line":637,"column":17}},"637":{"start":{"line":638,"column":0},"end":{"line":638,"column":57}},"638":{"start":{"line":639,"column":0},"end":{"line":639,"column":20}},"639":{"start":{"line":640,"column":0},"end":{"line":640,"column":76}},"640":{"start":{"line":641,"column":0},"end":{"line":641,"column":34}},"641":{"start":{"line":642,"column":0},"end":{"line":642,"column":81}},"642":{"start":{"line":643,"column":0},"end":{"line":643,"column":39}},"643":{"start":{"line":644,"column":0},"end":{"line":644,"column":33}},"644":{"start":{"line":645,"column":0},"end":{"line":645,"column":14}},"645":{"start":{"line":646,"column":0},"end":{"line":646,"column":11}},"646":{"start":{"line":647,"column":0},"end":{"line":647,"column":23}},"647":{"start":{"line":648,"column":0},"end":{"line":648,"column":19}},"648":{"start":{"line":649,"column":0},"end":{"line":649,"column":17}},"649":{"start":{"line":650,"column":0},"end":{"line":650,"column":52}},"650":{"start":{"line":651,"column":0},"end":{"line":651,"column":20}},"651":{"start":{"line":652,"column":0},"end":{"line":652,"column":71}},"652":{"start":{"line":653,"column":0},"end":{"line":653,"column":33}},"653":{"start":{"line":654,"column":0},"end":{"line":654,"column":34}},"654":{"start":{"line":655,"column":0},"end":{"line":655,"column":76}},"655":{"start":{"line":656,"column":0},"end":{"line":656,"column":39}},"656":{"start":{"line":657,"column":0},"end":{"line":657,"column":33}},"657":{"start":{"line":658,"column":0},"end":{"line":658,"column":14}},"658":{"start":{"line":659,"column":0},"end":{"line":659,"column":11}},"659":{"start":{"line":660,"column":0},"end":{"line":660,"column":24}},"660":{"start":{"line":661,"column":0},"end":{"line":661,"column":19}},"661":{"start":{"line":662,"column":0},"end":{"line":662,"column":17}},"662":{"start":{"line":663,"column":0},"end":{"line":663,"column":54}},"663":{"start":{"line":664,"column":0},"end":{"line":664,"column":20}},"664":{"start":{"line":665,"column":0},"end":{"line":665,"column":73}},"665":{"start":{"line":666,"column":0},"end":{"line":666,"column":33}},"666":{"start":{"line":667,"column":0},"end":{"line":667,"column":34}},"667":{"start":{"line":668,"column":0},"end":{"line":668,"column":78}},"668":{"start":{"line":669,"column":0},"end":{"line":669,"column":39}},"669":{"start":{"line":670,"column":0},"end":{"line":670,"column":33}},"670":{"start":{"line":671,"column":0},"end":{"line":671,"column":14}},"671":{"start":{"line":672,"column":0},"end":{"line":672,"column":11}},"672":{"start":{"line":673,"column":0},"end":{"line":673,"column":26}},"673":{"start":{"line":674,"column":0},"end":{"line":674,"column":19}},"674":{"start":{"line":675,"column":0},"end":{"line":675,"column":14}},"675":{"start":{"line":676,"column":0},"end":{"line":676,"column":12}},"676":{"start":{"line":677,"column":0},"end":{"line":677,"column":62}},"677":{"start":{"line":678,"column":0},"end":{"line":678,"column":0}},"678":{"start":{"line":679,"column":0},"end":{"line":679,"column":59}},"679":{"start":{"line":680,"column":0},"end":{"line":680,"column":22}},"680":{"start":{"line":681,"column":0},"end":{"line":681,"column":38}},"681":{"start":{"line":682,"column":0},"end":{"line":682,"column":38}},"682":{"start":{"line":683,"column":0},"end":{"line":683,"column":41}},"683":{"start":{"line":684,"column":0},"end":{"line":684,"column":10}},"684":{"start":{"line":685,"column":0},"end":{"line":685,"column":8}},"685":{"start":{"line":686,"column":0},"end":{"line":686,"column":0}},"686":{"start":{"line":687,"column":0},"end":{"line":687,"column":40}},"687":{"start":{"line":688,"column":0},"end":{"line":688,"column":23}},"688":{"start":{"line":689,"column":0},"end":{"line":689,"column":38}},"689":{"start":{"line":690,"column":0},"end":{"line":690,"column":18}},"690":{"start":{"line":691,"column":0},"end":{"line":691,"column":40}},"691":{"start":{"line":692,"column":0},"end":{"line":692,"column":25}},"692":{"start":{"line":693,"column":0},"end":{"line":693,"column":11}},"693":{"start":{"line":694,"column":0},"end":{"line":694,"column":10}},"694":{"start":{"line":695,"column":0},"end":{"line":695,"column":101}},"695":{"start":{"line":696,"column":0},"end":{"line":696,"column":27}},"696":{"start":{"line":697,"column":0},"end":{"line":697,"column":20}},"697":{"start":{"line":698,"column":0},"end":{"line":698,"column":27}},"698":{"start":{"line":699,"column":0},"end":{"line":699,"column":13}},"699":{"start":{"line":700,"column":0},"end":{"line":700,"column":12}},"700":{"start":{"line":701,"column":0},"end":{"line":701,"column":44}},"701":{"start":{"line":702,"column":0},"end":{"line":702,"column":51}},"702":{"start":{"line":703,"column":0},"end":{"line":703,"column":16}},"703":{"start":{"line":704,"column":0},"end":{"line":704,"column":13}},"704":{"start":{"line":705,"column":0},"end":{"line":705,"column":10}},"705":{"start":{"line":706,"column":0},"end":{"line":706,"column":12}},"706":{"start":{"line":707,"column":0},"end":{"line":707,"column":0}},"707":{"start":{"line":708,"column":0},"end":{"line":708,"column":103}},"708":{"start":{"line":709,"column":0},"end":{"line":709,"column":35}},"709":{"start":{"line":710,"column":0},"end":{"line":710,"column":20}},"710":{"start":{"line":711,"column":0},"end":{"line":711,"column":27}},"711":{"start":{"line":712,"column":0},"end":{"line":712,"column":13}},"712":{"start":{"line":713,"column":0},"end":{"line":713,"column":12}},"713":{"start":{"line":714,"column":0},"end":{"line":714,"column":45}},"714":{"start":{"line":715,"column":0},"end":{"line":715,"column":55}},"715":{"start":{"line":716,"column":0},"end":{"line":716,"column":16}},"716":{"start":{"line":717,"column":0},"end":{"line":717,"column":96}},"717":{"start":{"line":718,"column":0},"end":{"line":718,"column":13}},"718":{"start":{"line":719,"column":0},"end":{"line":719,"column":10}},"719":{"start":{"line":720,"column":0},"end":{"line":720,"column":12}},"720":{"start":{"line":721,"column":0},"end":{"line":721,"column":0}},"721":{"start":{"line":722,"column":0},"end":{"line":722,"column":65}},"722":{"start":{"line":723,"column":0},"end":{"line":723,"column":33}},"723":{"start":{"line":724,"column":0},"end":{"line":724,"column":0}},"724":{"start":{"line":725,"column":0},"end":{"line":725,"column":73}},"725":{"start":{"line":726,"column":0},"end":{"line":726,"column":57}},"726":{"start":{"line":727,"column":0},"end":{"line":727,"column":19}},"727":{"start":{"line":728,"column":0},"end":{"line":728,"column":27}},"728":{"start":{"line":729,"column":0},"end":{"line":729,"column":36}},"729":{"start":{"line":730,"column":0},"end":{"line":730,"column":30}},"730":{"start":{"line":731,"column":0},"end":{"line":731,"column":59}},"731":{"start":{"line":732,"column":0},"end":{"line":732,"column":71}},"732":{"start":{"line":733,"column":0},"end":{"line":733,"column":21}},"733":{"start":{"line":734,"column":0},"end":{"line":734,"column":12}},"734":{"start":{"line":735,"column":0},"end":{"line":735,"column":0}},"735":{"start":{"line":736,"column":0},"end":{"line":736,"column":69}},"736":{"start":{"line":737,"column":0},"end":{"line":737,"column":105}},"737":{"start":{"line":738,"column":0},"end":{"line":738,"column":26}},"738":{"start":{"line":739,"column":0},"end":{"line":739,"column":21}},"739":{"start":{"line":740,"column":0},"end":{"line":740,"column":109}},"740":{"start":{"line":741,"column":0},"end":{"line":741,"column":20}},"741":{"start":{"line":742,"column":0},"end":{"line":742,"column":21}},"742":{"start":{"line":743,"column":0},"end":{"line":743,"column":112}},"743":{"start":{"line":744,"column":0},"end":{"line":744,"column":19}},"744":{"start":{"line":745,"column":0},"end":{"line":745,"column":21}},"745":{"start":{"line":746,"column":0},"end":{"line":746,"column":16}},"746":{"start":{"line":747,"column":0},"end":{"line":747,"column":14}},"747":{"start":{"line":748,"column":0},"end":{"line":748,"column":0}},"748":{"start":{"line":749,"column":0},"end":{"line":749,"column":24}},"749":{"start":{"line":750,"column":0},"end":{"line":750,"column":65}},"750":{"start":{"line":751,"column":0},"end":{"line":751,"column":48}},"751":{"start":{"line":752,"column":0},"end":{"line":752,"column":16}},"752":{"start":{"line":753,"column":0},"end":{"line":753,"column":10}},"753":{"start":{"line":754,"column":0},"end":{"line":754,"column":0}},"754":{"start":{"line":755,"column":0},"end":{"line":755,"column":44}},"755":{"start":{"line":756,"column":0},"end":{"line":756,"column":69}},"756":{"start":{"line":757,"column":0},"end":{"line":757,"column":79}},"757":{"start":{"line":758,"column":0},"end":{"line":758,"column":16}},"758":{"start":{"line":759,"column":0},"end":{"line":759,"column":10}},"759":{"start":{"line":760,"column":0},"end":{"line":760,"column":0}},"760":{"start":{"line":761,"column":0},"end":{"line":761,"column":26}},"761":{"start":{"line":762,"column":0},"end":{"line":762,"column":67}},"762":{"start":{"line":763,"column":0},"end":{"line":763,"column":34}},"763":{"start":{"line":764,"column":0},"end":{"line":764,"column":97}},"764":{"start":{"line":765,"column":0},"end":{"line":765,"column":16}},"765":{"start":{"line":766,"column":0},"end":{"line":766,"column":10}},"766":{"start":{"line":767,"column":0},"end":{"line":767,"column":12}},"767":{"start":{"line":768,"column":0},"end":{"line":768,"column":0}},"768":{"start":{"line":769,"column":0},"end":{"line":769,"column":72}},"769":{"start":{"line":770,"column":0},"end":{"line":770,"column":32}},"770":{"start":{"line":771,"column":0},"end":{"line":771,"column":0}},"771":{"start":{"line":772,"column":0},"end":{"line":772,"column":80}},"772":{"start":{"line":773,"column":0},"end":{"line":773,"column":39}},"773":{"start":{"line":774,"column":0},"end":{"line":774,"column":65}},"774":{"start":{"line":775,"column":0},"end":{"line":775,"column":18}},"775":{"start":{"line":776,"column":0},"end":{"line":776,"column":32}},"776":{"start":{"line":777,"column":0},"end":{"line":777,"column":43}},"777":{"start":{"line":778,"column":0},"end":{"line":778,"column":25}},"778":{"start":{"line":779,"column":0},"end":{"line":779,"column":33}},"779":{"start":{"line":780,"column":0},"end":{"line":780,"column":62}},"780":{"start":{"line":781,"column":0},"end":{"line":781,"column":49}},"781":{"start":{"line":782,"column":0},"end":{"line":782,"column":14}},"782":{"start":{"line":783,"column":0},"end":{"line":783,"column":16}},"783":{"start":{"line":784,"column":0},"end":{"line":784,"column":0}},"784":{"start":{"line":785,"column":0},"end":{"line":785,"column":39}},"785":{"start":{"line":786,"column":0},"end":{"line":786,"column":67}},"786":{"start":{"line":787,"column":0},"end":{"line":787,"column":18}},"787":{"start":{"line":788,"column":0},"end":{"line":788,"column":33}},"788":{"start":{"line":789,"column":0},"end":{"line":789,"column":44}},"789":{"start":{"line":790,"column":0},"end":{"line":790,"column":25}},"790":{"start":{"line":791,"column":0},"end":{"line":791,"column":34}},"791":{"start":{"line":792,"column":0},"end":{"line":792,"column":63}},"792":{"start":{"line":793,"column":0},"end":{"line":793,"column":50}},"793":{"start":{"line":794,"column":0},"end":{"line":794,"column":14}},"794":{"start":{"line":795,"column":0},"end":{"line":795,"column":16}},"795":{"start":{"line":796,"column":0},"end":{"line":796,"column":0}},"796":{"start":{"line":797,"column":0},"end":{"line":797,"column":17}},"797":{"start":{"line":798,"column":0},"end":{"line":798,"column":40}},"798":{"start":{"line":799,"column":0},"end":{"line":799,"column":35}},"799":{"start":{"line":800,"column":0},"end":{"line":800,"column":70}},"800":{"start":{"line":801,"column":0},"end":{"line":801,"column":11}},"801":{"start":{"line":802,"column":0},"end":{"line":802,"column":27}},"802":{"start":{"line":803,"column":0},"end":{"line":803,"column":19}},"803":{"start":{"line":804,"column":0},"end":{"line":804,"column":14}},"804":{"start":{"line":805,"column":0},"end":{"line":805,"column":0}},"805":{"start":{"line":806,"column":0},"end":{"line":806,"column":26}},"806":{"start":{"line":807,"column":0},"end":{"line":807,"column":67}},"807":{"start":{"line":808,"column":0},"end":{"line":808,"column":50}},"808":{"start":{"line":809,"column":0},"end":{"line":809,"column":16}},"809":{"start":{"line":810,"column":0},"end":{"line":810,"column":10}},"810":{"start":{"line":811,"column":0},"end":{"line":811,"column":0}},"811":{"start":{"line":812,"column":0},"end":{"line":812,"column":27}},"812":{"start":{"line":813,"column":0},"end":{"line":813,"column":74}},"813":{"start":{"line":814,"column":0},"end":{"line":814,"column":78}},"814":{"start":{"line":815,"column":0},"end":{"line":815,"column":83}},"815":{"start":{"line":816,"column":0},"end":{"line":816,"column":35}},"816":{"start":{"line":817,"column":0},"end":{"line":817,"column":78}},"817":{"start":{"line":818,"column":0},"end":{"line":818,"column":79}},"818":{"start":{"line":819,"column":0},"end":{"line":819,"column":22}},"819":{"start":{"line":820,"column":0},"end":{"line":820,"column":48}},"820":{"start":{"line":821,"column":0},"end":{"line":821,"column":69}},"821":{"start":{"line":822,"column":0},"end":{"line":822,"column":109}},"822":{"start":{"line":823,"column":0},"end":{"line":823,"column":85}},"823":{"start":{"line":824,"column":0},"end":{"line":824,"column":22}},"824":{"start":{"line":825,"column":0},"end":{"line":825,"column":82}},"825":{"start":{"line":826,"column":0},"end":{"line":826,"column":34}},"826":{"start":{"line":827,"column":0},"end":{"line":827,"column":94}},"827":{"start":{"line":828,"column":0},"end":{"line":828,"column":40}},"828":{"start":{"line":829,"column":0},"end":{"line":829,"column":100}},"829":{"start":{"line":830,"column":0},"end":{"line":830,"column":33}},"830":{"start":{"line":831,"column":0},"end":{"line":831,"column":55}},"831":{"start":{"line":832,"column":0},"end":{"line":832,"column":69}},"832":{"start":{"line":833,"column":0},"end":{"line":833,"column":83}},"833":{"start":{"line":834,"column":0},"end":{"line":834,"column":68}},"834":{"start":{"line":835,"column":0},"end":{"line":835,"column":27}},"835":{"start":{"line":836,"column":0},"end":{"line":836,"column":23}},"836":{"start":{"line":837,"column":0},"end":{"line":837,"column":23}},"837":{"start":{"line":838,"column":0},"end":{"line":838,"column":22}},"838":{"start":{"line":839,"column":0},"end":{"line":839,"column":20}},"839":{"start":{"line":840,"column":0},"end":{"line":840,"column":0}},"840":{"start":{"line":841,"column":0},"end":{"line":841,"column":84}},"841":{"start":{"line":842,"column":0},"end":{"line":842,"column":36}},"842":{"start":{"line":843,"column":0},"end":{"line":843,"column":79}},"843":{"start":{"line":844,"column":0},"end":{"line":844,"column":80}},"844":{"start":{"line":845,"column":0},"end":{"line":845,"column":22}},"845":{"start":{"line":846,"column":0},"end":{"line":846,"column":48}},"846":{"start":{"line":847,"column":0},"end":{"line":847,"column":70}},"847":{"start":{"line":848,"column":0},"end":{"line":848,"column":110}},"848":{"start":{"line":849,"column":0},"end":{"line":849,"column":86}},"849":{"start":{"line":850,"column":0},"end":{"line":850,"column":22}},"850":{"start":{"line":851,"column":0},"end":{"line":851,"column":83}},"851":{"start":{"line":852,"column":0},"end":{"line":852,"column":34}},"852":{"start":{"line":853,"column":0},"end":{"line":853,"column":96}},"853":{"start":{"line":854,"column":0},"end":{"line":854,"column":40}},"854":{"start":{"line":855,"column":0},"end":{"line":855,"column":102}},"855":{"start":{"line":856,"column":0},"end":{"line":856,"column":33}},"856":{"start":{"line":857,"column":0},"end":{"line":857,"column":56}},"857":{"start":{"line":858,"column":0},"end":{"line":858,"column":70}},"858":{"start":{"line":859,"column":0},"end":{"line":859,"column":84}},"859":{"start":{"line":860,"column":0},"end":{"line":860,"column":68}},"860":{"start":{"line":861,"column":0},"end":{"line":861,"column":27}},"861":{"start":{"line":862,"column":0},"end":{"line":862,"column":23}},"862":{"start":{"line":863,"column":0},"end":{"line":863,"column":23}},"863":{"start":{"line":864,"column":0},"end":{"line":864,"column":22}},"864":{"start":{"line":865,"column":0},"end":{"line":865,"column":20}},"865":{"start":{"line":866,"column":0},"end":{"line":866,"column":18}},"866":{"start":{"line":867,"column":0},"end":{"line":867,"column":16}},"867":{"start":{"line":868,"column":0},"end":{"line":868,"column":10}},"868":{"start":{"line":869,"column":0},"end":{"line":869,"column":12}},"869":{"start":{"line":870,"column":0},"end":{"line":870,"column":0}},"870":{"start":{"line":871,"column":0},"end":{"line":871,"column":65}},"871":{"start":{"line":872,"column":0},"end":{"line":872,"column":43}},"872":{"start":{"line":873,"column":0},"end":{"line":873,"column":0}},"873":{"start":{"line":874,"column":0},"end":{"line":874,"column":75}},"874":{"start":{"line":875,"column":0},"end":{"line":875,"column":40}},"875":{"start":{"line":876,"column":0},"end":{"line":876,"column":124}},"876":{"start":{"line":877,"column":0},"end":{"line":877,"column":14}},"877":{"start":{"line":878,"column":0},"end":{"line":878,"column":36}},"878":{"start":{"line":879,"column":0},"end":{"line":879,"column":43}},"879":{"start":{"line":880,"column":0},"end":{"line":880,"column":61}},"880":{"start":{"line":881,"column":0},"end":{"line":881,"column":16}},"881":{"start":{"line":882,"column":0},"end":{"line":882,"column":12}},"882":{"start":{"line":883,"column":0},"end":{"line":883,"column":14}},"883":{"start":{"line":884,"column":0},"end":{"line":884,"column":0}},"884":{"start":{"line":885,"column":0},"end":{"line":885,"column":36}},"885":{"start":{"line":886,"column":0},"end":{"line":886,"column":73}},"886":{"start":{"line":887,"column":0},"end":{"line":887,"column":41}},"887":{"start":{"line":888,"column":0},"end":{"line":888,"column":71}},"888":{"start":{"line":889,"column":0},"end":{"line":889,"column":20}},"889":{"start":{"line":890,"column":0},"end":{"line":890,"column":32}},"890":{"start":{"line":891,"column":0},"end":{"line":891,"column":50}},"891":{"start":{"line":892,"column":0},"end":{"line":892,"column":29}},"892":{"start":{"line":893,"column":0},"end":{"line":893,"column":23}},"893":{"start":{"line":894,"column":0},"end":{"line":894,"column":25}},"894":{"start":{"line":895,"column":0},"end":{"line":895,"column":34}},"895":{"start":{"line":896,"column":0},"end":{"line":896,"column":63}},"896":{"start":{"line":897,"column":0},"end":{"line":897,"column":39}},"897":{"start":{"line":898,"column":0},"end":{"line":898,"column":16}},"898":{"start":{"line":899,"column":0},"end":{"line":899,"column":18}},"899":{"start":{"line":900,"column":0},"end":{"line":900,"column":0}},"900":{"start":{"line":901,"column":0},"end":{"line":901,"column":41}},"901":{"start":{"line":902,"column":0},"end":{"line":902,"column":73}},"902":{"start":{"line":903,"column":0},"end":{"line":903,"column":20}},"903":{"start":{"line":904,"column":0},"end":{"line":904,"column":31}},"904":{"start":{"line":905,"column":0},"end":{"line":905,"column":49}},"905":{"start":{"line":906,"column":0},"end":{"line":906,"column":29}},"906":{"start":{"line":907,"column":0},"end":{"line":907,"column":33}},"907":{"start":{"line":908,"column":0},"end":{"line":908,"column":62}},"908":{"start":{"line":909,"column":0},"end":{"line":909,"column":39}},"909":{"start":{"line":910,"column":0},"end":{"line":910,"column":32}},"910":{"start":{"line":911,"column":0},"end":{"line":911,"column":16}},"911":{"start":{"line":912,"column":0},"end":{"line":912,"column":18}},"912":{"start":{"line":913,"column":0},"end":{"line":913,"column":0}},"913":{"start":{"line":914,"column":0},"end":{"line":914,"column":19}},"914":{"start":{"line":915,"column":0},"end":{"line":915,"column":46}},"915":{"start":{"line":916,"column":0},"end":{"line":916,"column":43}},"916":{"start":{"line":917,"column":0},"end":{"line":917,"column":37}},"917":{"start":{"line":918,"column":0},"end":{"line":918,"column":13}},"918":{"start":{"line":919,"column":0},"end":{"line":919,"column":44}},"919":{"start":{"line":920,"column":0},"end":{"line":920,"column":21}},"920":{"start":{"line":921,"column":0},"end":{"line":921,"column":16}},"921":{"start":{"line":922,"column":0},"end":{"line":922,"column":10}},"922":{"start":{"line":923,"column":0},"end":{"line":923,"column":0}},"923":{"start":{"line":924,"column":0},"end":{"line":924,"column":24}},"924":{"start":{"line":925,"column":0},"end":{"line":925,"column":65}},"925":{"start":{"line":926,"column":0},"end":{"line":926,"column":48}},"926":{"start":{"line":927,"column":0},"end":{"line":927,"column":16}},"927":{"start":{"line":928,"column":0},"end":{"line":928,"column":10}},"928":{"start":{"line":929,"column":0},"end":{"line":929,"column":0}},"929":{"start":{"line":930,"column":0},"end":{"line":930,"column":25}},"930":{"start":{"line":931,"column":0},"end":{"line":931,"column":69}},"931":{"start":{"line":932,"column":0},"end":{"line":932,"column":68}},"932":{"start":{"line":933,"column":0},"end":{"line":933,"column":46}},"933":{"start":{"line":934,"column":0},"end":{"line":934,"column":46}},"934":{"start":{"line":935,"column":0},"end":{"line":935,"column":50}},"935":{"start":{"line":936,"column":0},"end":{"line":936,"column":75}},"936":{"start":{"line":937,"column":0},"end":{"line":937,"column":17}},"937":{"start":{"line":938,"column":0},"end":{"line":938,"column":17}},"938":{"start":{"line":939,"column":0},"end":{"line":939,"column":48}},"939":{"start":{"line":940,"column":0},"end":{"line":940,"column":47}},"940":{"start":{"line":941,"column":0},"end":{"line":941,"column":48}},"941":{"start":{"line":942,"column":0},"end":{"line":942,"column":20}},"942":{"start":{"line":943,"column":0},"end":{"line":943,"column":56}},"943":{"start":{"line":944,"column":0},"end":{"line":944,"column":34}},"944":{"start":{"line":945,"column":0},"end":{"line":945,"column":75}},"945":{"start":{"line":946,"column":0},"end":{"line":946,"column":25}},"946":{"start":{"line":947,"column":0},"end":{"line":947,"column":21}},"947":{"start":{"line":948,"column":0},"end":{"line":948,"column":21}},"948":{"start":{"line":949,"column":0},"end":{"line":949,"column":20}},"949":{"start":{"line":950,"column":0},"end":{"line":950,"column":14}},"950":{"start":{"line":951,"column":0},"end":{"line":951,"column":16}},"951":{"start":{"line":952,"column":0},"end":{"line":952,"column":10}},"952":{"start":{"line":953,"column":0},"end":{"line":953,"column":12}},"953":{"start":{"line":954,"column":0},"end":{"line":954,"column":0}},"954":{"start":{"line":955,"column":0},"end":{"line":955,"column":65}},"955":{"start":{"line":956,"column":0},"end":{"line":956,"column":40}},"956":{"start":{"line":957,"column":0},"end":{"line":957,"column":0}},"957":{"start":{"line":958,"column":0},"end":{"line":958,"column":75}},"958":{"start":{"line":959,"column":0},"end":{"line":959,"column":40}},"959":{"start":{"line":960,"column":0},"end":{"line":960,"column":97}},"960":{"start":{"line":961,"column":0},"end":{"line":961,"column":14}},"961":{"start":{"line":962,"column":0},"end":{"line":962,"column":50}},"962":{"start":{"line":963,"column":0},"end":{"line":963,"column":110}},"963":{"start":{"line":964,"column":0},"end":{"line":964,"column":14}},"964":{"start":{"line":965,"column":0},"end":{"line":965,"column":14}},"965":{"start":{"line":966,"column":0},"end":{"line":966,"column":0}},"966":{"start":{"line":967,"column":0},"end":{"line":967,"column":61}},"967":{"start":{"line":968,"column":0},"end":{"line":968,"column":39}},"968":{"start":{"line":969,"column":0},"end":{"line":969,"column":88}},"969":{"start":{"line":970,"column":0},"end":{"line":970,"column":18}},"970":{"start":{"line":971,"column":0},"end":{"line":971,"column":36}},"971":{"start":{"line":972,"column":0},"end":{"line":972,"column":45}},"972":{"start":{"line":973,"column":0},"end":{"line":973,"column":25}},"973":{"start":{"line":974,"column":0},"end":{"line":974,"column":37}},"974":{"start":{"line":975,"column":0},"end":{"line":975,"column":66}},"975":{"start":{"line":976,"column":0},"end":{"line":976,"column":37}},"976":{"start":{"line":977,"column":0},"end":{"line":977,"column":41}},"977":{"start":{"line":978,"column":0},"end":{"line":978,"column":14}},"978":{"start":{"line":979,"column":0},"end":{"line":979,"column":16}},"979":{"start":{"line":980,"column":0},"end":{"line":980,"column":0}},"980":{"start":{"line":981,"column":0},"end":{"line":981,"column":39}},"981":{"start":{"line":982,"column":0},"end":{"line":982,"column":61}},"982":{"start":{"line":983,"column":0},"end":{"line":983,"column":18}},"983":{"start":{"line":984,"column":0},"end":{"line":984,"column":33}},"984":{"start":{"line":985,"column":0},"end":{"line":985,"column":42}},"985":{"start":{"line":986,"column":0},"end":{"line":986,"column":25}},"986":{"start":{"line":987,"column":0},"end":{"line":987,"column":34}},"987":{"start":{"line":988,"column":0},"end":{"line":988,"column":63}},"988":{"start":{"line":989,"column":0},"end":{"line":989,"column":37}},"989":{"start":{"line":990,"column":0},"end":{"line":990,"column":46}},"990":{"start":{"line":991,"column":0},"end":{"line":991,"column":14}},"991":{"start":{"line":992,"column":0},"end":{"line":992,"column":16}},"992":{"start":{"line":993,"column":0},"end":{"line":993,"column":0}},"993":{"start":{"line":994,"column":0},"end":{"line":994,"column":39}},"994":{"start":{"line":995,"column":0},"end":{"line":995,"column":71}},"995":{"start":{"line":996,"column":0},"end":{"line":996,"column":18}},"996":{"start":{"line":997,"column":0},"end":{"line":997,"column":35}},"997":{"start":{"line":998,"column":0},"end":{"line":998,"column":44}},"998":{"start":{"line":999,"column":0},"end":{"line":999,"column":25}},"999":{"start":{"line":1000,"column":0},"end":{"line":1000,"column":36}},"1000":{"start":{"line":1001,"column":0},"end":{"line":1001,"column":65}},"1001":{"start":{"line":1002,"column":0},"end":{"line":1002,"column":37}},"1002":{"start":{"line":1003,"column":0},"end":{"line":1003,"column":46}},"1003":{"start":{"line":1004,"column":0},"end":{"line":1004,"column":14}},"1004":{"start":{"line":1005,"column":0},"end":{"line":1005,"column":16}},"1005":{"start":{"line":1006,"column":0},"end":{"line":1006,"column":0}},"1006":{"start":{"line":1007,"column":0},"end":{"line":1007,"column":40}},"1007":{"start":{"line":1008,"column":0},"end":{"line":1008,"column":89}},"1008":{"start":{"line":1009,"column":0},"end":{"line":1009,"column":20}},"1009":{"start":{"line":1010,"column":0},"end":{"line":1010,"column":31}},"1010":{"start":{"line":1011,"column":0},"end":{"line":1011,"column":37}},"1011":{"start":{"line":1012,"column":0},"end":{"line":1012,"column":40}},"1012":{"start":{"line":1013,"column":0},"end":{"line":1013,"column":69}},"1013":{"start":{"line":1014,"column":0},"end":{"line":1014,"column":58}},"1014":{"start":{"line":1015,"column":0},"end":{"line":1015,"column":16}},"1015":{"start":{"line":1016,"column":0},"end":{"line":1016,"column":78}},"1016":{"start":{"line":1017,"column":0},"end":{"line":1017,"column":40}},"1017":{"start":{"line":1018,"column":0},"end":{"line":1018,"column":22}},"1018":{"start":{"line":1019,"column":0},"end":{"line":1019,"column":18}},"1019":{"start":{"line":1020,"column":0},"end":{"line":1020,"column":0}},"1020":{"start":{"line":1021,"column":0},"end":{"line":1021,"column":19}},"1021":{"start":{"line":1022,"column":0},"end":{"line":1022,"column":44}},"1022":{"start":{"line":1023,"column":0},"end":{"line":1023,"column":41}},"1023":{"start":{"line":1024,"column":0},"end":{"line":1024,"column":57}},"1024":{"start":{"line":1025,"column":0},"end":{"line":1025,"column":13}},"1025":{"start":{"line":1026,"column":0},"end":{"line":1026,"column":26}},"1026":{"start":{"line":1027,"column":0},"end":{"line":1027,"column":21}},"1027":{"start":{"line":1028,"column":0},"end":{"line":1028,"column":0}},"1028":{"start":{"line":1029,"column":0},"end":{"line":1029,"column":19}},"1029":{"start":{"line":1030,"column":0},"end":{"line":1030,"column":46}},"1030":{"start":{"line":1031,"column":0},"end":{"line":1031,"column":43}},"1031":{"start":{"line":1032,"column":0},"end":{"line":1032,"column":57}},"1032":{"start":{"line":1033,"column":0},"end":{"line":1033,"column":13}},"1033":{"start":{"line":1034,"column":0},"end":{"line":1034,"column":31}},"1034":{"start":{"line":1035,"column":0},"end":{"line":1035,"column":21}},"1035":{"start":{"line":1036,"column":0},"end":{"line":1036,"column":0}},"1036":{"start":{"line":1037,"column":0},"end":{"line":1037,"column":19}},"1037":{"start":{"line":1038,"column":0},"end":{"line":1038,"column":45}},"1038":{"start":{"line":1039,"column":0},"end":{"line":1039,"column":50}},"1039":{"start":{"line":1040,"column":0},"end":{"line":1040,"column":76}},"1040":{"start":{"line":1041,"column":0},"end":{"line":1041,"column":13}},"1041":{"start":{"line":1042,"column":0},"end":{"line":1042,"column":27}},"1042":{"start":{"line":1043,"column":0},"end":{"line":1043,"column":21}},"1043":{"start":{"line":1044,"column":0},"end":{"line":1044,"column":0}},"1044":{"start":{"line":1045,"column":0},"end":{"line":1045,"column":19}},"1045":{"start":{"line":1046,"column":0},"end":{"line":1046,"column":47}},"1046":{"start":{"line":1047,"column":0},"end":{"line":1047,"column":51}},"1047":{"start":{"line":1048,"column":0},"end":{"line":1048,"column":76}},"1048":{"start":{"line":1049,"column":0},"end":{"line":1049,"column":110}},"1049":{"start":{"line":1050,"column":0},"end":{"line":1050,"column":13}},"1050":{"start":{"line":1051,"column":0},"end":{"line":1051,"column":36}},"1051":{"start":{"line":1052,"column":0},"end":{"line":1052,"column":21}},"1052":{"start":{"line":1053,"column":0},"end":{"line":1053,"column":16}},"1053":{"start":{"line":1054,"column":0},"end":{"line":1054,"column":14}},"1054":{"start":{"line":1055,"column":0},"end":{"line":1055,"column":0}},"1055":{"start":{"line":1056,"column":0},"end":{"line":1056,"column":29}},"1056":{"start":{"line":1057,"column":0},"end":{"line":1057,"column":71}},"1057":{"start":{"line":1058,"column":0},"end":{"line":1058,"column":10}},"1058":{"start":{"line":1059,"column":0},"end":{"line":1059,"column":0}},"1059":{"start":{"line":1060,"column":0},"end":{"line":1060,"column":24}},"1060":{"start":{"line":1061,"column":0},"end":{"line":1061,"column":65}},"1061":{"start":{"line":1062,"column":0},"end":{"line":1062,"column":48}},"1062":{"start":{"line":1063,"column":0},"end":{"line":1063,"column":16}},"1063":{"start":{"line":1064,"column":0},"end":{"line":1064,"column":10}},"1064":{"start":{"line":1065,"column":0},"end":{"line":1065,"column":0}},"1065":{"start":{"line":1066,"column":0},"end":{"line":1066,"column":28}},"1066":{"start":{"line":1067,"column":0},"end":{"line":1067,"column":75}},"1067":{"start":{"line":1068,"column":0},"end":{"line":1068,"column":89}},"1068":{"start":{"line":1069,"column":0},"end":{"line":1069,"column":38}},"1069":{"start":{"line":1070,"column":0},"end":{"line":1070,"column":96}},"1070":{"start":{"line":1071,"column":0},"end":{"line":1071,"column":100}},"1071":{"start":{"line":1072,"column":0},"end":{"line":1072,"column":94}},"1072":{"start":{"line":1073,"column":0},"end":{"line":1073,"column":127}},"1073":{"start":{"line":1074,"column":0},"end":{"line":1074,"column":53}},"1074":{"start":{"line":1075,"column":0},"end":{"line":1075,"column":111}},"1075":{"start":{"line":1076,"column":0},"end":{"line":1076,"column":16}},"1076":{"start":{"line":1077,"column":0},"end":{"line":1077,"column":103}},"1077":{"start":{"line":1078,"column":0},"end":{"line":1078,"column":18}},"1078":{"start":{"line":1079,"column":0},"end":{"line":1079,"column":39}},"1079":{"start":{"line":1080,"column":0},"end":{"line":1080,"column":23}},"1080":{"start":{"line":1081,"column":0},"end":{"line":1081,"column":50}},"1081":{"start":{"line":1082,"column":0},"end":{"line":1082,"column":81}},"1082":{"start":{"line":1083,"column":0},"end":{"line":1083,"column":24}},"1083":{"start":{"line":1084,"column":0},"end":{"line":1084,"column":14}},"1084":{"start":{"line":1085,"column":0},"end":{"line":1085,"column":39}},"1085":{"start":{"line":1086,"column":0},"end":{"line":1086,"column":23}},"1086":{"start":{"line":1087,"column":0},"end":{"line":1087,"column":49}},"1087":{"start":{"line":1088,"column":0},"end":{"line":1088,"column":81}},"1088":{"start":{"line":1089,"column":0},"end":{"line":1089,"column":24}},"1089":{"start":{"line":1090,"column":0},"end":{"line":1090,"column":14}},"1090":{"start":{"line":1091,"column":0},"end":{"line":1091,"column":16}},"1091":{"start":{"line":1092,"column":0},"end":{"line":1092,"column":10}},"1092":{"start":{"line":1093,"column":0},"end":{"line":1093,"column":0}},"1093":{"start":{"line":1094,"column":0},"end":{"line":1094,"column":33}},"1094":{"start":{"line":1095,"column":0},"end":{"line":1095,"column":85}},"1095":{"start":{"line":1096,"column":0},"end":{"line":1096,"column":39}},"1096":{"start":{"line":1097,"column":0},"end":{"line":1097,"column":85}},"1097":{"start":{"line":1098,"column":0},"end":{"line":1098,"column":21}},"1098":{"start":{"line":1099,"column":0},"end":{"line":1099,"column":51}},"1099":{"start":{"line":1100,"column":0},"end":{"line":1100,"column":94}},"1100":{"start":{"line":1101,"column":0},"end":{"line":1101,"column":22}},"1101":{"start":{"line":1102,"column":0},"end":{"line":1102,"column":16}},"1102":{"start":{"line":1103,"column":0},"end":{"line":1103,"column":10}},"1103":{"start":{"line":1104,"column":0},"end":{"line":1104,"column":0}},"1104":{"start":{"line":1105,"column":0},"end":{"line":1105,"column":40}},"1105":{"start":{"line":1106,"column":0},"end":{"line":1106,"column":85}},"1106":{"start":{"line":1107,"column":0},"end":{"line":1107,"column":14}},"1107":{"start":{"line":1108,"column":0},"end":{"line":1108,"column":19}},"1108":{"start":{"line":1109,"column":0},"end":{"line":1109,"column":52}},"1109":{"start":{"line":1110,"column":0},"end":{"line":1110,"column":46}},"1110":{"start":{"line":1111,"column":0},"end":{"line":1111,"column":22}},"1111":{"start":{"line":1112,"column":0},"end":{"line":1112,"column":35}},"1112":{"start":{"line":1113,"column":0},"end":{"line":1113,"column":31}},"1113":{"start":{"line":1114,"column":0},"end":{"line":1114,"column":34}},"1114":{"start":{"line":1115,"column":0},"end":{"line":1115,"column":34}},"1115":{"start":{"line":1116,"column":0},"end":{"line":1116,"column":33}},"1116":{"start":{"line":1117,"column":0},"end":{"line":1117,"column":44}},"1117":{"start":{"line":1118,"column":0},"end":{"line":1118,"column":16}},"1118":{"start":{"line":1119,"column":0},"end":{"line":1119,"column":13}},"1119":{"start":{"line":1120,"column":0},"end":{"line":1120,"column":58}},"1120":{"start":{"line":1121,"column":0},"end":{"line":1121,"column":21}},"1121":{"start":{"line":1122,"column":0},"end":{"line":1122,"column":36}},"1122":{"start":{"line":1123,"column":0},"end":{"line":1123,"column":21}},"1123":{"start":{"line":1124,"column":0},"end":{"line":1124,"column":55}},"1124":{"start":{"line":1125,"column":0},"end":{"line":1125,"column":49}},"1125":{"start":{"line":1126,"column":0},"end":{"line":1126,"column":44}},"1126":{"start":{"line":1127,"column":0},"
[...]
ne":67,"column":0}},"67":{"start":{"line":68,"column":0},"end":{"line":68,"column":36}},"68":{"start":{"line":69,"column":0},"end":{"line":69,"column":26}},"69":{"start":{"line":70,"column":0},"end":{"line":70,"column":17}},"70":{"start":{"line":71,"column":0},"end":{"line":71,"column":22}},"71":{"start":{"line":72,"column":0},"end":{"line":72,"column":44}},"72":{"start":{"line":73,"column":0},"end":{"line":73,"column":15}},"73":{"start":{"line":74,"column":0},"end":{"line":74,"column":23}},"74":{"start":{"line":75,"column":0},"end":{"line":75,"column":5}},"75":{"start":{"line":76,"column":0},"end":{"line":76,"column":3}},"76":{"start":{"line":77,"column":0},"end":{"line":77,"column":0}},"77":{"start":{"line":78,"column":0},"end":{"line":78,"column":44}},"78":{"start":{"line":79,"column":0},"end":{"line":79,"column":31}},"79":{"start":{"line":80,"column":0},"end":{"line":80,"column":28}},"80":{"start":{"line":81,"column":0},"end":{"line":81,"column":26}},"81":{"start":{"line":82,"column":0},"end":{"line":82,"column":12}},"82":{"start":{"line":83,"column":0},"end":{"line":83,"column":5}},"83":{"start":{"line":84,"column":0},"end":{"line":84,"column":0}},"84":{"start":{"line":85,"column":0},"end":{"line":85,"column":24}},"85":{"start":{"line":86,"column":0},"end":{"line":86,"column":9}},"86":{"start":{"line":87,"column":0},"end":{"line":87,"column":40}},"87":{"start":{"line":88,"column":0},"end":{"line":88,"column":25}},"88":{"start":{"line":89,"column":0},"end":{"line":89,"column":17}},"89":{"start":{"line":90,"column":0},"end":{"line":90,"column":22}},"90":{"start":{"line":91,"column":0},"end":{"line":91,"column":5}},"91":{"start":{"line":92,"column":0},"end":{"line":92,"column":3}},"92":{"start":{"line":93,"column":0},"end":{"line":93,"column":0}},"93":{"start":{"line":94,"column":0},"end":{"line":94,"column":45}},"94":{"start":{"line":95,"column":0},"end":{"line":95,"column":9}},"95":{"start":{"line":96,"column":0},"end":{"line":96,"column":30}},"96":{"start":{"line":97,"column":0},"end":{"line":97,"column":17}},"97":{"start":{"line":98,"column":0},"end":{"line":98,"column":46}},"98":{"start":{"line":99,"column":0},"end":{"line":99,"column":22}},"99":{"start":{"line":100,"column":0},"end":{"line":100,"column":41}},"100":{"start":{"line":101,"column":0},"end":{"line":101,"column":5}},"101":{"start":{"line":102,"column":0},"end":{"line":102,"column":3}},"102":{"start":{"line":103,"column":0},"end":{"line":103,"column":0}},"103":{"start":{"line":104,"column":0},"end":{"line":104,"column":55}},"104":{"start":{"line":105,"column":0},"end":{"line":105,"column":27}},"105":{"start":{"line":106,"column":0},"end":{"line":106,"column":79}},"106":{"start":{"line":107,"column":0},"end":{"line":107,"column":12}},"107":{"start":{"line":108,"column":0},"end":{"line":108,"column":5}},"108":{"start":{"line":109,"column":0},"end":{"line":109,"column":0}},"109":{"start":{"line":110,"column":0},"end":{"line":110,"column":71}},"110":{"start":{"line":111,"column":0},"end":{"line":111,"column":27}},"111":{"start":{"line":112,"column":0},"end":{"line":112,"column":0}},"112":{"start":{"line":113,"column":0},"end":{"line":113,"column":97}},"113":{"start":{"line":114,"column":0},"end":{"line":114,"column":0}},"114":{"start":{"line":115,"column":0},"end":{"line":115,"column":9}},"115":{"start":{"line":116,"column":0},"end":{"line":116,"column":45}},"116":{"start":{"line":117,"column":0},"end":{"line":117,"column":39}},"117":{"start":{"line":118,"column":0},"end":{"line":118,"column":52}},"118":{"start":{"line":119,"column":0},"end":{"line":119,"column":8}},"119":{"start":{"line":120,"column":0},"end":{"line":120,"column":58}},"120":{"start":{"line":121,"column":0},"end":{"line":121,"column":22}},"121":{"start":{"line":122,"column":0},"end":{"line":122,"column":45}},"122":{"start":{"line":123,"column":0},"end":{"line":123,"column":5}},"123":{"start":{"line":124,"column":0},"end":{"line":124,"column":3}},"124":{"start":{"line":125,"column":0},"end":{"line":125,"column":0}},"125":{"start":{"line":126,"column":0},"end":{"line":126,"column":10}},"126":{"start":{"line":127,"column":0},"end":{"line":127,"column":33}},"127":{"start":{"line":128,"column":0},"end":{"line":128,"column":36}},"128":{"start":{"line":129,"column":0},"end":{"line":129,"column":0}},"129":{"start":{"line":130,"column":0},"end":{"line":130,"column":101}},"130":{"start":{"line":131,"column":0},"end":{"line":131,"column":0}},"131":{"start":{"line":132,"column":0},"end":{"line":132,"column":42}},"132":{"start":{"line":133,"column":0},"end":{"line":133,"column":59}},"133":{"start":{"line":134,"column":0},"end":{"line":134,"column":54}},"134":{"start":{"line":135,"column":0},"end":{"line":135,"column":17}},"135":{"start":{"line":136,"column":0},"end":{"line":136,"column":84}},"136":{"start":{"line":137,"column":0},"end":{"line":137,"column":17}},"137":{"start":{"line":138,"column":0},"end":{"line":138,"column":17}},"138":{"start":{"line":139,"column":0},"end":{"line":139,"column":12}},"139":{"start":{"line":140,"column":0},"end":{"line":140,"column":0}},"140":{"start":{"line":141,"column":0},"end":{"line":141,"column":22}},"141":{"start":{"line":142,"column":0},"end":{"line":142,"column":111}},"142":{"start":{"line":143,"column":0},"end":{"line":143,"column":36}},"143":{"start":{"line":144,"column":0},"end":{"line":144,"column":46}},"144":{"start":{"line":145,"column":0},"end":{"line":145,"column":33}},"145":{"start":{"line":146,"column":0},"end":{"line":146,"column":86}},"146":{"start":{"line":147,"column":0},"end":{"line":147,"column":16}},"147":{"start":{"line":148,"column":0},"end":{"line":148,"column":46}},"148":{"start":{"line":149,"column":0},"end":{"line":149,"column":36}},"149":{"start":{"line":150,"column":0},"end":{"line":150,"column":113}},"150":{"start":{"line":151,"column":0},"end":{"line":151,"column":16}},"151":{"start":{"line":152,"column":0},"end":{"line":152,"column":46}},"152":{"start":{"line":153,"column":0},"end":{"line":153,"column":34}},"153":{"start":{"line":154,"column":0},"end":{"line":154,"column":80}},"154":{"start":{"line":155,"column":0},"end":{"line":155,"column":16}},"155":{"start":{"line":156,"column":0},"end":{"line":156,"column":46}},"156":{"start":{"line":157,"column":0},"end":{"line":157,"column":36}},"157":{"start":{"line":158,"column":0},"end":{"line":158,"column":110}},"158":{"start":{"line":159,"column":0},"end":{"line":159,"column":16}},"159":{"start":{"line":160,"column":0},"end":{"line":160,"column":123}},"160":{"start":{"line":161,"column":0},"end":{"line":161,"column":79}},"161":{"start":{"line":162,"column":0},"end":{"line":162,"column":14}},"162":{"start":{"line":163,"column":0},"end":{"line":163,"column":8}},"163":{"start":{"line":164,"column":0},"end":{"line":164,"column":0}},"164":{"start":{"line":165,"column":0},"end":{"line":165,"column":65}},"165":{"start":{"line":166,"column":0},"end":{"line":166,"column":15}},"166":{"start":{"line":167,"column":0},"end":{"line":167,"column":74}},"167":{"start":{"line":168,"column":0},"end":{"line":168,"column":27}},"168":{"start":{"line":169,"column":0},"end":{"line":169,"column":25}},"169":{"start":{"line":170,"column":0},"end":{"line":170,"column":28}},"170":{"start":{"line":171,"column":0},"end":{"line":171,"column":32}},"171":{"start":{"line":172,"column":0},"end":{"line":172,"column":28}},"172":{"start":{"line":173,"column":0},"end":{"line":173,"column":15}},"173":{"start":{"line":174,"column":0},"end":{"line":174,"column":16}},"174":{"start":{"line":175,"column":0},"end":{"line":175,"column":15}},"175":{"start":{"line":176,"column":0},"end":{"line":176,"column":28}},"176":{"start":{"line":177,"column":0},"end":{"line":177,"column":14}},"177":{"start":{"line":178,"column":0},"end":{"line":178,"column":72}},"178":{"start":{"line":179,"column":0},"end":{"line":179,"column":46}},"179":{"start":{"line":180,"column":0},"end":{"line":180,"column":91}},"180":{"start":{"line":181,"column":0},"end":{"line":181,"column":21}},"181":{"start":{"line":182,"column":0},"end":{"line":182,"column":35}},"182":{"start":{"line":183,"column":0},"end":{"line":183,"column":42}},"183":{"start":{"line":184,"column":0},"end":{"line":184,"column":20}},"184":{"start":{"line":185,"column":0},"end":{"line":185,"column":85}},"185":{"start":{"line":186,"column":0},"end":{"line":186,"column":21}},"186":{"start":{"line":187,"column":0},"end":{"line":187,"column":20}},"187":{"start":{"line":188,"column":0},"end":{"line":188,"column":48}},"188":{"start":{"line":189,"column":0},"end":{"line":189,"column":107}},"189":{"start":{"line":190,"column":0},"end":{"line":190,"column":20}},"190":{"start":{"line":191,"column":0},"end":{"line":191,"column":69}},"191":{"start":{"line":192,"column":0},"end":{"line":192,"column":118}},"192":{"start":{"line":193,"column":0},"end":{"line":193,"column":20}},"193":{"start":{"line":194,"column":0},"end":{"line":194,"column":61}},"194":{"start":{"line":195,"column":0},"end":{"line":195,"column":67}},"195":{"start":{"line":196,"column":0},"end":{"line":196,"column":27}},"196":{"start":{"line":197,"column":0},"end":{"line":197,"column":21}},"197":{"start":{"line":198,"column":0},"end":{"line":198,"column":19}},"198":{"start":{"line":199,"column":0},"end":{"line":199,"column":59}},"199":{"start":{"line":200,"column":0},"end":{"line":200,"column":45}},"200":{"start":{"line":201,"column":0},"end":{"line":201,"column":88}},"201":{"start":{"line":202,"column":0},"end":{"line":202,"column":71}},"202":{"start":{"line":203,"column":0},"end":{"line":203,"column":44}},"203":{"start":{"line":204,"column":0},"end":{"line":204,"column":72}},"204":{"start":{"line":205,"column":0},"end":{"line":205,"column":31}},"205":{"start":{"line":206,"column":0},"end":{"line":206,"column":30}},"206":{"start":{"line":207,"column":0},"end":{"line":207,"column":39}},"207":{"start":{"line":208,"column":0},"end":{"line":208,"column":43}},"208":{"start":{"line":209,"column":0},"end":{"line":209,"column":43}},"209":{"start":{"line":210,"column":0},"end":{"line":210,"column":71}},"210":{"start":{"line":211,"column":0},"end":{"line":211,"column":31}},"211":{"start":{"line":212,"column":0},"end":{"line":212,"column":32}},"212":{"start":{"line":213,"column":0},"end":{"line":213,"column":31}},"213":{"start":{"line":214,"column":0},"end":{"line":214,"column":56}},"214":{"start":{"line":215,"column":0},"end":{"line":215,"column":43}},"215":{"start":{"line":216,"column":0},"end":{"line":216,"column":57}},"216":{"start":{"line":217,"column":0},"end":{"line":217,"column":49}},"217":{"start":{"line":218,"column":0},"end":{"line":218,"column":70}},"218":{"start":{"line":219,"column":0},"end":{"line":219,"column":74}},"219":{"start":{"line":220,"column":0},"end":{"line":220,"column":33}},"220":{"start":{"line":221,"column":0},"end":{"line":221,"column":29}},"221":{"start":{"line":222,"column":0},"end":{"line":222,"column":32}},"222":{"start":{"line":223,"column":0},"end":{"line":223,"column":30}},"223":{"start":{"line":224,"column":0},"end":{"line":224,"column":22}},"224":{"start":{"line":225,"column":0},"end":{"line":225,"column":23}},"225":{"start":{"line":226,"column":0},"end":{"line":226,"column":21}},"226":{"start":{"line":227,"column":0},"end":{"line":227,"column":16}},"227":{"start":{"line":228,"column":0},"end":{"line":228,"column":15}},"228":{"start":{"line":229,"column":0},"end":{"line":229,"column":13}},"229":{"start":{"line":230,"column":0},"end":{"line":230,"column":16}},"230":{"start":{"line":231,"column":0},"end":{"line":231,"column":14}},"231":{"start":{"line":232,"column":0},"end":{"line":232,"column":10}},"232":{"start":{"line":233,"column":0},"end":{"line":233,"column":3}},"233":{"start":{"line":234,"column":0},"end":{"line":234,"column":1}}},"s":{"0":1,"1":1,"2":1,"3":1,"4":1,"5":1,"6":1,"7":1,"8":1,"9":1,"10":1,"11":1,"12":7,"13":7,"14":7,"15":7,"16":7,"17":7,"18":7,"19":7,"20":7,"21":7,"22":7,"23":7,"24":7,"25":7,"26":7,"27":7,"28":2,"29":7,"30":7,"31":7,"32":2,"33":2,"34":2,"35":2,"36":2,"37":2,"38":0,"39":2,"40":2,"41":2,"42":2,"43":7,"44":7,"45":0,"46":0,"47":0,"48":0,"49":0,"50":0,"51":0,"52":0,"53":0,"54":0,"55":0,"56":0,"57":0,"58":0,"59":0,"60":0,"61":0,"62":0,"63":0,"64":0,"65":0,"66":0,"67":0,"68":0,"69":0,"70":0,"71":0,"72":0,"73":0,"74":0,"75":0,"76":7,"77":7,"78":0,"79":0,"80":0,"81":0,"82":0,"83":0,"84":0,"85":0,"86":0,"87":0,"88":0,"89":0,"90":0,"91":0,"92":7,"93":7,"94":0,"95":0,"96":0,"97":0,"98":0,"99":0,"100":0,"101":0,"102":7,"103":7,"104":2,"105":0,"106":0,"107":0,"108":2,"109":2,"110":2,"111":2,"112":2,"113":2,"114":2,"115":2,"116":2,"117":2,"118":2,"119":1,"120":1,"121":1,"122":1,"123":2,"124":7,"125":7,"126":7,"127":7,"128":7,"129":7,"130":7,"131":7,"132":7,"133":7,"134":7,"135":7,"136":7,"137":7,"138":7,"139":7,"140":7,"141":0,"142":0,"143":0,"144":0,"145":0,"146":0,"147":0,"148":0,"149":0,"150":0,"151":0,"152":0,"153":0,"154":0,"155":0,"156":0,"157":0,"158":0,"159":0,"160":0,"161":0,"162":7,"163":7,"164":7,"165":7,"166":7,"167":7,"168":7,"169":7,"170":7,"171":7,"172":7,"173":7,"174":7,"175":7,"176":2,"177":2,"178":2,"179":2,"180":2,"181":2,"182":2,"183":2,"184":2,"185":2,"186":2,"187":2,"188":0,"189":2,"190":2,"191":2,"192":2,"193":2,"194":2,"195":2,"196":2,"197":2,"198":2,"199":0,"200":0,"201":0,"202":0,"203":0,"204":0,"205":0,"206":0,"207":0,"208":0,"209":0,"210":0,"211":0,"212":0,"213":0,"214":0,"215":0,"216":0,"217":0,"218":0,"219":0,"220":0,"221":0,"222":0,"223":0,"224":0,"225":0,"226":2,"227":2,"228":7,"229":7,"230":7,"231":7,"232":7,"233":7},"branchMap":{"0":{"type":"branch","line":12,"loc":{"start":{"line":12,"column":7},"end":{"line":234,"column":1}},"locations":[{"start":{"line":12,"column":7},"end":{"line":234,"column":1}}]},"1":{"type":"branch","line":130,"loc":{"start":{"line":130,"column":7},"end":{"line":130,"column":101}},"locations":[{"start":{"line":130,"column":7},"end":{"line":130,"column":101}}]},"2":{"type":"branch","line":134,"loc":{"start":{"line":134,"column":11},"end":{"line":134,"column":35}},"locations":[{"start":{"line":134,"column":11},"end":{"line":134,"column":35}}]},"3":{"type":"branch","line":134,"loc":{"start":{"line":134,"column":24},"end":{"line":134,"column":54}},"locations":[{"start":{"line":134,"column":24},"end":{"line":134,"column":54}}]},"4":{"type":"branch","line":141,"loc":{"start":{"line":141,"column":7},"end":{"line":162,"column":14}},"locations":[{"start":{"line":141,"column":7},"end":{"line":162,"column":14}}]},"5":{"type":"branch","line":28,"loc":{"start":{"line":28,"column":12},"end":{"line":30,"column":5}},"locations":[{"start":{"line":28,"column":12},"end":{"line":30,"column":5}}]},"6":{"type":"branch","line":32,"loc":{"start":{"line":32,"column":20},"end":{"line":43,"column":3}},"locations":[{"start":{"line":32,"column":20},"end":{"line":43,"column":3}}]},"7":{"type":"branch","line":38,"loc":{"start":{"line":38,"column":4},"end":{"line":40,"column":6}},"locations":[{"start":{"line":38,"column":4},"end":{"line":40,"column":6}}]},"8":{"type":"branch","line":104,"loc":{"start":{"line":104,"column":28},"end":{"line":124,"column":3}},"locations":[{"start":{"line":104,"column":28},"end":{"line":124,"column":3}}]},"9":{"type":"branch","line":105,"loc":{"start":{"line":105,"column":26},"end":{"line":108,"column":5}},"locations":[{"start":{"line":105,"column":26},"end":{"line":108,"column":5}}]},"10":{"type":"branch","line":111,"loc":{"start":{"line":111,"column":21},"end":{"line":111,"column":27}},"locations":[{"start":{"line":111,"column":21},"end":{"line":111,"column":27}}]},"11":{"type":"branch","line":113,"loc":{"start":{"line":113,"column":91},"end":{"line":113,"column":97}},"locations":[{"start":{"line":113,"column":91},"end":{"line":113,"column":97}}]},"12":{"type":"branch","line":119,"loc":{"start":{"line":119,"column":7},"end":{"line":123,"column":5}},"locations":[{"start":{"line":119,"column":7},"end":{"line":123,"column":5}}]},"13":{"type":"branch","line":176,"loc":{"start":{"line":176,"column":20},"end":{"line":228,"column":15}},"locations":[{"start":{"line":176,"column":20},"end":{"line":228,"column":15}}]},"14":{"type":"branch","line":185,"loc":{"start":{"line":185,"column":23},"end":{"line":185,"column":81}},"locations":[{"start":{"line":185,"column":23},"end":{"line":185,"column":81}}]},"15":{"type":"branch","line":188,"loc":{"start":{"line":188,"column":34},"end":{"line":189,"column":107}},"locations":[{"start":{"line":188,"column":34},"end":{"line":189,"column":107}}]},"16":{"type":"branch","line":195,"loc":{"start":{"line":195,"column":43},"end":{"line":195,"column":57}},"locations":[{"start":{"line":195,"column":43},"end":{"line":195,"column":57}}]},"17":{"type":"branch","line":199,"loc":{"start":{"line":199,"column":37},"end":{"line":199,"column":59}},"locations":[{"start":{"line":199,"column":37},"end":{"line":199,"column":59}}]},"18":{"type":"branch","line":199,"loc":{"start":{"line":199,"column":43},"end":{"line":226,"column":21}},"locations":[{"start":{"line":199,"column":43},"end":{"line":226,"column":21}}]},"19":{"type":"branch","line":192,"loc":{"start":{"line":192,"column":38},"end":{"line":192,"column":68}},"locations":[{"start":{"line":192,"column":38},"end":{"line":192,"column":68}}]}},"b":{"0":[7],"1":[0],"2":[0],"3":[6],"4":[0],"5":[2],"6":[2],"7":[0],"8":[2],"9":[0],"10":[0],"11":[0],"12":[1],"13":[2],"14":[0],"15":[0],"16":[0],"17":[0],"18":[0],"19":[2]},"fnMap":{"0":{"name":"Tuning","decl":{"start":{"line":12,"column":7},"end":{"line":234,"column":1}},"loc":{"start":{"line":12,"column":7},"end":{"line":234,"column":1}},"line":12},"1":{"name":"fetchJobs","decl":{"start":{"line":32,"column":20},"end":{"line":43,"column":3}},"loc":{"start":{"line":32,"column":20},"end":{"line":43,"column":3}},"line":32},"2":{"name":"handleCreate","decl":{"start":{"line":45,"column":23},"end":{"line":76,"column":3}},"loc":{"start":{"line":45,"column":23},"end":{"line":76,"column":3}},"line":45},"3":{"name":"handleView","decl":{"start":{"line":78,"column":21},"end":{"line":92,"column":3}},"loc":{"start":{"line":78,"column":21},"end":{"line":92,"column":3}},"line":78},"4":{"name":"handleStart","decl":{"start":{"line":94,"column":22},"end":{"line":102,"column":3}},"loc":{"start":{"line":94,"column":22},"end":{"line":102,"column":3}},"line":94},"5":{"name":"handlePromoteBest","decl":{"start":{"line":104,"column":28},"end":{"line":124,"column":3}},"loc":{"start":{"line":104,"column":28},"end":{"line":124,"column":3}},"line":104},"6":{"name":"onClick","decl":{"start":{"line":133,"column":25},"end":{"line":133,"column":59}},"loc":{"start":{"line":133,"column":25},"end":{"line":133,"column":59}},"line":133},"7":{"name":"onChange","decl":{"start":{"line":146,"column":48},"end":{"line":146,"column":84}},"loc":{"start":{"line":146,"column":48},"end":{"line":146,"column":84}},"line":146},"8":{"name":"onChange","decl":{"start":{"line":150,"column":48},"end":{"line":150,"column":84}},"loc":{"start":{"line":150,"column":48},"end":{"line":150,"column":84}},"line":150},"9":{"name":"onChange","decl":{"start":{"line":154,"column":45},"end":{"line":154,"column":78}},"loc":{"start":{"line":154,"column":45},"end":{"line":154,"column":78}},"line":154},"10":{"name":"onChange","decl":{"start":{"line":158,"column":62},"end":{"line":158,"column":108}},"loc":{"start":{"line":158,"column":62},"end":{"line":158,"column":108}},"line":158},"11":{"name":"onClick","decl":{"start":{"line":189,"column":37},"end":{"line":189,"column":64}},"loc":{"start":{"line":189,"column":37},"end":{"line":189,"column":64}},"line":189},"12":{"name":"onClick","decl":{"start":{"line":192,"column":38},"end":{"line":192,"column":68}},"loc":{"start":{"line":192,"column":38},"end":{"line":192,"column":68}},"line":192},"13":{"name":"onClick","decl":{"start":{"line":194,"column":35},"end":{"line":194,"column":61}},"loc":{"start":{"line":194,"column":35},"end":{"line":194,"column":61}},"line":194}},"f":{"0":7,"1":2,"2":0,"3":0,"4":0,"5":2,"6":0,"7":0,"8":0,"9":0,"10":0,"11":0,"12":2,"13":0}}
}
